Using pre-set license
Built from '2022.3/staging' branch; Version is '2022.3.50f1 (c3db7f8bf9b1) revision 12835711'; Using compiler version '192829333'; Build Type 'Release'
OS: 'Windows 11  (10.0.22631) 64bit Professional' Language: 'en' Physical Memory: 16220 MB
BatchMode: 1, IsHumanControllingUs: 0, StartBugReporterOnCrash: 0, Is64bit: 1, IsPro: 1

COMMAND LINE ARGUMENTS:
D:\Unity Editor\2022.3.50f1\Editor\Unity.exe
-adb2
-batchMode
-noUpm
-name
AssetImportWorker1
-projectPath
D:/shinobialliance/shinobialliance
-logFile
Logs/AssetImportWorker1.log
-srvPort
63867
Successfully changed project path to: D:/shinobialliance/shinobialliance
D:/shinobialliance/shinobialliance
[UnityMemory] Configuration Parameters - Can be set up in boot.config
    "memorysetup-bucket-allocator-granularity=16"
    "memorysetup-bucket-allocator-bucket-count=8"
    "memorysetup-bucket-allocator-block-size=33554432"
    "memorysetup-bucket-allocator-block-count=8"
    "memorysetup-main-allocator-block-size=16777216"
    "memorysetup-thread-allocator-block-size=16777216"
    "memorysetup-gfx-main-allocator-block-size=16777216"
    "memorysetup-gfx-thread-allocator-block-size=16777216"
    "memorysetup-cache-allocator-block-size=4194304"
    "memorysetup-typetree-allocator-block-size=2097152"
    "memorysetup-profiler-bucket-allocator-granularity=16"
    "memorysetup-profiler-bucket-allocator-bucket-count=8"
    "memorysetup-profiler-bucket-allocator-block-size=33554432"
    "memorysetup-profiler-bucket-allocator-block-count=8"
    "memorysetup-profiler-allocator-block-size=16777216"
    "memorysetup-profiler-editor-allocator-block-size=1048576"
    "memorysetup-temp-allocator-size-main=16777216"
    "memorysetup-job-temp-allocator-block-size=2097152"
    "memorysetup-job-temp-allocator-block-size-background=1048576"
    "memorysetup-job-temp-allocator-reduction-small-platforms=262144"
    "memorysetup-allocator-temp-initial-block-size-main=262144"
    "memorysetup-allocator-temp-initial-block-size-worker=262144"
    "memorysetup-temp-allocator-size-background-worker=32768"
    "memorysetup-temp-allocator-size-job-worker=262144"
    "memorysetup-temp-allocator-size-preload-manager=33554432"
    "memorysetup-temp-allocator-size-nav-mesh-worker=65536"
    "memorysetup-temp-allocator-size-audio-worker=65536"
    "memorysetup-temp-allocator-size-cloud-worker=32768"
    "memorysetup-temp-allocator-size-gi-baking-worker=262144"
    "memorysetup-temp-allocator-size-gfx=262144"
Player connection [28356]  Target information:

Player connection [28356]  * "[IP] 192.168.56.1 [Port] 0 [Flags] 2 [Guid] 801563684 [EditorId] 801563684 [Version] 1048832 [Id] WindowsEditor(7,DESKTOP-EHB3B3U) [Debug] 1 [PackageName] WindowsEditor [ProjectName] Editor" 

Player connection [28356]  * "[IP] 192.168.119.1 [Port] 0 [Flags] 2 [Guid] 801563684 [EditorId] 801563684 [Version] 1048832 [Id] WindowsEditor(7,DESKTOP-EHB3B3U) [Debug] 1 [PackageName] WindowsEditor [ProjectName] Editor" 

Player connection [28356]  * "[IP] 192.168.136.1 [Port] 0 [Flags] 2 [Guid] 801563684 [EditorId] 801563684 [Version] 1048832 [Id] WindowsEditor(7,DESKTOP-EHB3B3U) [Debug] 1 [PackageName] WindowsEditor [ProjectName] Editor" 

Player connection [28356]  * "[IP] 192.168.0.37 [Port] 0 [Flags] 2 [Guid] 801563684 [EditorId] 801563684 [Version] 1048832 [Id] WindowsEditor(7,DESKTOP-EHB3B3U) [Debug] 1 [PackageName] WindowsEditor [ProjectName] Editor" 

Player connection [28356] Host joined multi-casting on [225.0.0.222:54997]...
Player connection [28356] Host joined alternative multi-casting on [225.0.0.222:34997]...
[PhysX] Initialized MultithreadedTaskDispatcher with 8 workers.
Refreshing native plugins compatible for Editor in 13.62 ms, found 4 plugins.
Preloading 0 native plugins for Editor in 0.00 ms.
Initialize engine version: 2022.3.50f1 (c3db7f8bf9b1)
[Subsystems] Discovering subsystems at path D:/Unity Editor/2022.3.50f1/Editor/Data/Resources/UnitySubsystems
[Subsystems] Discovering subsystems at path D:/shinobialliance/shinobialliance/Assets
GfxDevice: creating device client; threaded=0; jobified=0
Direct3D:
    Version:  Direct3D 11.0 [level 11.1]
    Renderer: NVIDIA GeForce GTX 1650 (ID=0x1f99)
    Vendor:   NVIDIA
    VRAM:     3937 MB
    Driver:   32.0.15.6070
Initialize mono
Mono path[0] = 'D:/Unity Editor/2022.3.50f1/Editor/Data/Managed'
Mono path[1] = 'D:/Unity Editor/2022.3.50f1/Editor/Data/MonoBleedingEdge/lib/mono/unityjit-win32'
Mono config path = 'D:/Unity Editor/2022.3.50f1/Editor/Data/MonoBleedingEdge/etc'
Using monoOptions --debugger-agent=transport=dt_socket,embedding=1,server=y,suspend=n,address=127.0.0.1:56904
Begin MonoManager ReloadAssembly
Registering precompiled unity dll's ...
Register platform support module: D:/Unity Editor/2022.3.50f1/Editor/Data/PlaybackEngines/WebGLSupport/UnityEditor.WebGL.Extensions.dll
Register platform support module: D:/Unity Editor/2022.3.50f1/Editor/Data/PlaybackEngines/iOSSupport/UnityEditor.iOS.Extensions.dll
Register platform support module: D:/Unity Editor/2022.3.50f1/Editor/Data/PlaybackEngines/WindowsStandaloneSupport/UnityEditor.WindowsStandalone.Extensions.dll
Registered in 0.008006 seconds.
- Loaded All Assemblies, in  0.554 seconds
Native extension for WindowsStandalone target not found
[usbmuxd] Start listen thread
[usbmuxd] Listen thread started
[usbmuxd] Send listen message
Native extension for iOS target not found
Native extension for WebGL target not found
Mono: successfully reloaded assembly
- Finished resetting the current domain, in  0.559 seconds
Domain Reload Profiling: 1113ms
	BeginReloadAssembly (175ms)
		ExecutionOrderSort (0ms)
		DisableScriptedObjects (0ms)
		BackupInstance (0ms)
		ReleaseScriptingObjects (0ms)
		CreateAndSetChildDomain (1ms)
	RebuildCommonClasses (52ms)
	RebuildNativeTypeToScriptingClass (16ms)
	initialDomainReloadingComplete (74ms)
	LoadAllAssembliesAndSetupDomain (237ms)
		LoadAssemblies (174ms)
		RebuildTransferFunctionScriptingTraits (0ms)
		AnalyzeDomain (234ms)
			TypeCache.Refresh (231ms)
				TypeCache.ScanAssembly (206ms)
			ScanForSourceGeneratedMonoScriptInfo (1ms)
			ResolveRequiredComponents (1ms)
	FinalizeReload (559ms)
		ReleaseScriptCaches (0ms)
		RebuildScriptCaches (0ms)
		SetupLoadedEditorAssemblies (468ms)
			LogAssemblyErrors (0ms)
			InitializePlatformSupportModulesInManaged (51ms)
			SetLoadedEditorAssemblies (10ms)
			RefreshPlugins (0ms)
			BeforeProcessingInitializeOnLoad (4ms)
			ProcessInitializeOnLoadAttributes (311ms)
			ProcessInitializeOnLoadMethodAttributes (92ms)
			AfterProcessingInitializeOnLoad (0ms)
			EditorAssembliesLoaded (0ms)
		ExecutionOrderSort2 (0ms)
		AwakeInstancesAfterBackupRestoration (0ms)
========================================================================
Worker process is ready to serve import requests
Caller must complete domain reload
0x00007ff6d80ee9ad (Unity) StackWalker::GetCurrentCallstack
0x00007ff6d80f3a89 (Unity) StackWalker::ShowCallstack
0x00007ff6d90e5391 (Unity) GetStacktrace
0x00007ff6d97a04fe (Unity) DebugStringToFile
0x00007ff6d97a023a (Unity) AssertImplementation
0x00007ff6d8f82d1c (Unity) Internal_ADB_WorkerOnly_DomainReload
0x00007ff6d9469a44 (Unity) WorkerDomainReloadV2
0x00007ff6d948a66f (Unity) <lambda_943be6b2c5671afd01d59371cf3ef730>::operator()
0x00007ff6d94c6482 (Unity) asio::detail::completion_handler<core::mutable_function<void __cdecl(void)>,asio::io_context::basic_executor_type<std::allocator<void>,0> >::do_complete
0x00007ff6d94b242e (Unity) asio::detail::win_iocp_io_context::do_one
0x00007ff6d94b405e (Unity) asio::detail::win_iocp_io_context::run
0x00007ff6d94c482c (Unity) IOService::Run
0x00007ff6d9497c8f (Unity) AssetImportWorkerClient::Run
0x00007ff6d94635f7 (Unity) RunAssetImportWorkerClientV2
0x00007ff6d946367b (Unity) RunAssetImporterV2
0x00007ff6d8c5c07e (Unity) Application::InitializeProject
0x00007ff6d90f0025 (Unity) WinMain
0x00007ff6da4a206e (Unity) __scrt_common_main_seh
0x00007ffe9e72257d (KERNEL32) BaseThreadInitThunk
0x00007ffe9f16af08 (ntdll) RtlUserThreadStart

Begin MonoManager ReloadAssembly
- Loaded All Assemblies, in  1.432 seconds
Native extension for WindowsStandalone target not found
Native extension for iOS target not found
Native extension for WebGL target not found
Package Manager log level set to [2]
[Package Manager] Server::EnsureServerProcessIsRunning -- launch failed, reason: Unity was launched with the -noUpm command-line argument
[Package Manager] UpmClient::Send -- Unable to send message (not connected to UPM process).
[Package Manager] Cannot connect to Unity Package Manager local server
Mono: successfully reloaded assembly
[Package Manager] Server::EnsureServerProcessIsRunning -- launch failed, reason: Unity was launched with the -noUpm command-line argument
[Package Manager] UpmClient::Send -- Unable to send message (not connected to UPM process).
[Package Manager] Cannot connect to Unity Package Manager local server
[Package Manager] Server::EnsureServerProcessIsRunning -- launch failed, reason: Unity was launched with the -noUpm command-line argument
[Package Manager] UpmClient::Send -- Unable to send message (not connected to UPM process).
[Package Manager] Cannot connect to Unity Package Manager local server
- Finished resetting the current domain, in  1.494 seconds
Domain Reload Profiling: 2925ms
	BeginReloadAssembly (340ms)
		ExecutionOrderSort (0ms)
		DisableScriptedObjects (11ms)
		BackupInstance (0ms)
		ReleaseScriptingObjects (0ms)
		CreateAndSetChildDomain (60ms)
	RebuildCommonClasses (63ms)
	RebuildNativeTypeToScriptingClass (19ms)
	initialDomainReloadingComplete (73ms)
	LoadAllAssembliesAndSetupDomain (936ms)
		LoadAssemblies (687ms)
		RebuildTransferFunctionScriptingTraits (0ms)
		AnalyzeDomain (435ms)
			TypeCache.Refresh (369ms)
				TypeCache.ScanAssembly (330ms)
			ScanForSourceGeneratedMonoScriptInfo (51ms)
			ResolveRequiredComponents (13ms)
	FinalizeReload (1495ms)
		ReleaseScriptCaches (0ms)
		RebuildScriptCaches (0ms)
		SetupLoadedEditorAssemblies (1143ms)
			LogAssemblyErrors (0ms)
			InitializePlatformSupportModulesInManaged (35ms)
			SetLoadedEditorAssemblies (13ms)
			RefreshPlugins (0ms)
			BeforeProcessingInitializeOnLoad (131ms)
			ProcessInitializeOnLoadAttributes (875ms)
			ProcessInitializeOnLoadMethodAttributes (87ms)
			AfterProcessingInitializeOnLoad (2ms)
			EditorAssembliesLoaded (0ms)
		ExecutionOrderSort2 (0ms)
		AwakeInstancesAfterBackupRestoration (11ms)
Launched and connected shader compiler UnityShaderCompiler.exe after 0.10 seconds
Refreshing native plugins compatible for Editor in 11.99 ms, found 4 plugins.
Preloading 0 native plugins for Editor in 0.00 ms.
Unloading 4618 Unused Serialized files (Serialized files now loaded: 0)
Unloading 34 unused Assets / (57.1 KB). Loaded Objects now: 5090.
Memory consumption went from 152.9 MB to 152.9 MB.
Total: 8.013700 ms (FindLiveObjects: 0.725200 ms CreateObjectMapping: 1.384400 ms MarkObjects: 5.744300 ms  DeleteObjects: 0.156900 ms)

AssetImportParameters requested are different than current active one (requested -> active):
  custom:container-demuxer-ogg: 62fdf1f143b41e24485cea50d1cbac27 -> 
  custom:video-decoder-ogg-theora: a1e56fd34408186e4bbccfd4996cb3dc -> 
  custom:framework-win-MediaFoundation: 216162199b28c13a410421893ffa2e32 -> 
  custom:CustomObjectIndexerAttribute: 9a22284fe3817be447336de3de66b15e -> 
  custom:container-demuxer-webm: 4f35f7cbe854078d1ac9338744f61a02 -> 
  custom:container-muxer-webm: aa71ff27fc2769a1b78a27578f13a17b -> 
  custom:video-decoder-webm-vp8: 9c59270c3fd7afecdb556c50c9e8de78 -> 
  custom:SearchIndexIgnoredProperties: e643bd26f0fe6173181afceb89e7c659 -> 
  custom:AudioImporter_EditorPlatform: d09bf68614088b80899f8185d706f6e7 -> 
  custom:video-encoder-webm-vp8: eb34c28f22e8b96e1ab97ce403110664 -> 
  custom:audio-decoder-ogg-vorbis: bf7c407c2cedff20999df2af8eb42d56 -> 
  custom:audio-encoder-webm-vorbis: bf7c407c2cedff20999df2af8eb42d56 -> 
========================================================================
Received Import Request.
  Time since last request: 211772.736404 seconds.
  path: Assets/Scripts/PlayerControll Scripts/PlayerController.cs
  artifactKey: Guid(7baa926f78bfd254e9e2d3d7d278f978) Importer(815301076,1909f56bfc062723c751e8b465ee728b)
Start importing Assets/Scripts/PlayerControll Scripts/PlayerController.cs using Guid(7baa926f78bfd254e9e2d3d7d278f978) Importer(815301076,1909f56bfc062723c751e8b465ee728b) [PhysX] Initialized MultithreadedTaskDispatcher with 8 workers.
 -> (artifact id: 'bc9525a600623e5dae42a2c339d3522a') in 0.003062 seconds
Number of updated asset objects reloaded before import = 0
Number of asset objects unloaded after import = 0
========================================================================
Received Import Request.
  Time since last request: 287.999143 seconds.
  path: Assets/Tiles/atlas_floor-16x16_1.asset
  artifactKey: Guid(ea3adb3029d6a2b47a85062c6354313d) Importer(815301076,1909f56bfc062723c751e8b465ee728b)
Start importing Assets/Tiles/atlas_floor-16x16_1.asset using Guid(ea3adb3029d6a2b47a85062c6354313d) Importer(815301076,1909f56bfc062723c751e8b465ee728b) [PhysX] Initialized MultithreadedTaskDispatcher with 8 workers.
 -> (artifact id: '636d912d0ae4528df25b69fac9512118') in 0.125149 seconds
Number of updated asset objects reloaded before import = 0
Number of asset objects unloaded after import = 3
========================================================================
Received Import Request.
  Time since last request: 0.000031 seconds.
  path: Assets/Tiles/atlas_floor-16x16_9.asset
  artifactKey: Guid(ce224b30b6589a545888b7dbe21c578d) Importer(815301076,1909f56bfc062723c751e8b465ee728b)
Start importing Assets/Tiles/atlas_floor-16x16_9.asset using Guid(ce224b30b6589a545888b7dbe21c578d) Importer(815301076,1909f56bfc062723c751e8b465ee728b) [PhysX] Initialized MultithreadedTaskDispatcher with 8 workers.
 -> (artifact id: '030ccd2a9e29d27fcd100d7e04a91df7') in 0.012729 seconds
Number of updated asset objects reloaded before import = 0
Number of asset objects unloaded after import = 3
========================================================================
Received Import Request.
  Time since last request: 0.000031 seconds.
  path: Assets/Tiles/atlas_floor-16x16_4.asset
  artifactKey: Guid(f4cc66fe2432d644799d2812800887db) Importer(815301076,1909f56bfc062723c751e8b465ee728b)
Start importing Assets/Tiles/atlas_floor-16x16_4.asset using Guid(f4cc66fe2432d644799d2812800887db) Importer(815301076,1909f56bfc062723c751e8b465ee728b) [PhysX] Initialized MultithreadedTaskDispatcher with 8 workers.
 -> (artifact id: 'ae283928b0ceb20a1f05388ce6e70083') in 0.009842 seconds
Number of updated asset objects reloaded before import = 0
Number of asset objects unloaded after import = 3
========================================================================
Received Import Request.
  Time since last request: 0.000023 seconds.
  path: Assets/Tiles/atlas_floor-16x16_10.asset
  artifactKey: Guid(5c6d47d63f3c8df4d87af5e9d3a0c9ce) Importer(815301076,1909f56bfc062723c751e8b465ee728b)
Start importing Assets/Tiles/atlas_floor-16x16_10.asset using Guid(5c6d47d63f3c8df4d87af5e9d3a0c9ce) Importer(815301076,1909f56bfc062723c751e8b465ee728b) [PhysX] Initialized MultithreadedTaskDispatcher with 8 workers.
 -> (artifact id: '9e3bc3eef92a53e499001fed3b6d048a') in 0.010885 seconds
Number of updated asset objects reloaded before import = 0
Number of asset objects unloaded after import = 3
========================================================================
Received Import Request.
  Time since last request: 0.000018 seconds.
  path: Assets/Tiles/atlas_floor-16x16_11.asset
  artifactKey: Guid(c233ee37613599a449596ef3ba48ac01) Importer(815301076,1909f56bfc062723c751e8b465ee728b)
Start importing Assets/Tiles/atlas_floor-16x16_11.asset using Guid(c233ee37613599a449596ef3ba48ac01) Importer(815301076,1909f56bfc062723c751e8b465ee728b) [PhysX] Initialized MultithreadedTaskDispatcher with 8 workers.
 -> (artifact id: '3b6a36e2a9c9faf4388109a2dabc29b0') in 0.010021 seconds
Number of updated asset objects reloaded before import = 0
Number of asset objects unloaded after import = 3
========================================================================
Received Import Request.
  Time since last request: 0.000019 seconds.
  path: Assets/Tiles/atlas_floor-16x16_26.asset
  artifactKey: Guid(62f09ec54f618fe438479d959aa9d79f) Importer(815301076,1909f56bfc062723c751e8b465ee728b)
Start importing Assets/Tiles/atlas_floor-16x16_26.asset using Guid(62f09ec54f618fe438479d959aa9d79f) Importer(815301076,1909f56bfc062723c751e8b465ee728b) [PhysX] Initialized MultithreadedTaskDispatcher with 8 workers.
 -> (artifact id: '8a69393c97d0f74d54f7b3854d49cfb8') in 0.010834 seconds
Number of updated asset objects reloaded before import = 0
Number of asset objects unloaded after import = 3
========================================================================
Received Import Request.
  Time since last request: 0.000016 seconds.
  path: Assets/Tiles/atlas_floor-16x16_28.asset
  artifactKey: Guid(b022460d6815b46449bd71f54abf8b7c) Importer(815301076,1909f56bfc062723c751e8b465ee728b)
Start importing Assets/Tiles/atlas_floor-16x16_28.asset using Guid(b022460d6815b46449bd71f54abf8b7c) Importer(815301076,1909f56bfc062723c751e8b465ee728b) [PhysX] Initialized MultithreadedTaskDispatcher with 8 workers.
 -> (artifact id: '04365fec9ef07248dada88a62bdf9bc7') in 0.010035 seconds
Number of updated asset objects reloaded before import = 0
Number of asset objects unloaded after import = 3
========================================================================
Received Import Request.
  Time since last request: 0.000020 seconds.
  path: Assets/Tiles/atlas_floor-16x16_3.asset
  artifactKey: Guid(34a852afc19c9a54eb464dc4cb42dd12) Importer(815301076,1909f56bfc062723c751e8b465ee728b)
Start importing Assets/Tiles/atlas_floor-16x16_3.asset using Guid(34a852afc19c9a54eb464dc4cb42dd12) Importer(815301076,1909f56bfc062723c751e8b465ee728b) [PhysX] Initialized MultithreadedTaskDispatcher with 8 workers.
 -> (artifact id: 'bc62600fdd465d4f07099343eaf0f82f') in 0.011392 seconds
Number of updated asset objects reloaded before import = 0
Number of asset objects unloaded after import = 3
========================================================================
Received Import Request.
  Time since last request: 0.000033 seconds.
  path: Assets/Tiles/atlas_floor-16x16_32.asset
  artifactKey: Guid(8d909e62a239d584a915006f52da5c80) Importer(815301076,1909f56bfc062723c751e8b465ee728b)
Start importing Assets/Tiles/atlas_floor-16x16_32.asset using Guid(8d909e62a239d584a915006f52da5c80) Importer(815301076,1909f56bfc062723c751e8b465ee728b) [PhysX] Initialized MultithreadedTaskDispatcher with 8 workers.
 -> (artifact id: 'a9d38d4970ce5e4dd61209f7a23793c8') in 0.013129 seconds
Number of updated asset objects reloaded before import = 0
Number of asset objects unloaded after import = 3
========================================================================
Received Import Request.
  Time since last request: 0.000033 seconds.
  path: Assets/Tiles/atlas_floor-16x16_5.asset
  artifactKey: Guid(e16ea7d4907e8ee4ebb39bfdd99822a6) Importer(815301076,1909f56bfc062723c751e8b465ee728b)
Start importing Assets/Tiles/atlas_floor-16x16_5.asset using Guid(e16ea7d4907e8ee4ebb39bfdd99822a6) Importer(815301076,1909f56bfc062723c751e8b465ee728b) [PhysX] Initialized MultithreadedTaskDispatcher with 8 workers.
 -> (artifact id: 'aefadfa54452f126e4710cfb272a7e59') in 0.021200 seconds
Number of updated asset objects reloaded before import = 0
Number of asset objects unloaded after import = 3
========================================================================
Received Import Request.
  Time since last request: 0.000027 seconds.
  path: Assets/Tiles/atlas_floor-16x16_20.asset
  artifactKey: Guid(b1f921e9c81301f409abfa42d866f480) Importer(815301076,1909f56bfc062723c751e8b465ee728b)
Start importing Assets/Tiles/atlas_floor-16x16_20.asset using Guid(b1f921e9c81301f409abfa42d866f480) Importer(815301076,1909f56bfc062723c751e8b465ee728b) [PhysX] Initialized MultithreadedTaskDispatcher with 8 workers.
 -> (artifact id: 'eef4634e8b2eba4c9c06d469d2508eab') in 0.023931 seconds
Number of updated asset objects reloaded before import = 0
Number of asset objects unloaded after import = 3
========================================================================
Received Import Request.
  Time since last request: 0.000038 seconds.
  path: Assets/Tiles/atlas_floor-16x16_2.asset
  artifactKey: Guid(27f61387fbd45db4294a06e24369a0d0) Importer(815301076,1909f56bfc062723c751e8b465ee728b)
Start importing Assets/Tiles/atlas_floor-16x16_2.asset using Guid(27f61387fbd45db4294a06e24369a0d0) Importer(815301076,1909f56bfc062723c751e8b465ee728b) [PhysX] Initialized MultithreadedTaskDispatcher with 8 workers.
 -> (artifact id: '75df0bb7e99f95535da22dd0cd73a8dc') in 0.026559 seconds
Number of updated asset objects reloaded before import = 0
Number of asset objects unloaded after import = 3
========================================================================
Received Import Request.
  Time since last request: 0.000023 seconds.
  path: Assets/Tiles/atlas_floor-16x16_13.asset
  artifactKey: Guid(d5e918dc55c28cd49b28f302289e91ea) Importer(815301076,1909f56bfc062723c751e8b465ee728b)
Start importing Assets/Tiles/atlas_floor-16x16_13.asset using Guid(d5e918dc55c28cd49b28f302289e91ea) Importer(815301076,1909f56bfc062723c751e8b465ee728b) [PhysX] Initialized MultithreadedTaskDispatcher with 8 workers.
 -> (artifact id: '2513504b525d2afb5aa9fcdffd5b67b7') in 0.019122 seconds
Number of updated asset objects reloaded before import = 0
Number of asset objects unloaded after import = 3
========================================================================
Received Import Request.
  Time since last request: 0.000016 seconds.
  path: Assets/Tiles/atlas_floor-16x16_21.asset
  artifactKey: Guid(70bb5314f9772244494af5dbe3dd5231) Importer(815301076,1909f56bfc062723c751e8b465ee728b)
Start importing Assets/Tiles/atlas_floor-16x16_21.asset using Guid(70bb5314f9772244494af5dbe3dd5231) Importer(815301076,1909f56bfc062723c751e8b465ee728b) [PhysX] Initialized MultithreadedTaskDispatcher with 8 workers.
 -> (artifact id: '5b782a398bd33a552aab74cff9d31778') in 0.016549 seconds
Number of updated asset objects reloaded before import = 0
Number of asset objects unloaded after import = 3
========================================================================
Received Import Request.
  Time since last request: 0.000034 seconds.
  path: Assets/Tiles/atlas_floor-16x16_30.asset
  artifactKey: Guid(18af03b7ceba3914a881b0857b6ec43b) Importer(815301076,1909f56bfc062723c751e8b465ee728b)
Start importing Assets/Tiles/atlas_floor-16x16_30.asset using Guid(18af03b7ceba3914a881b0857b6ec43b) Importer(815301076,1909f56bfc062723c751e8b465ee728b) [PhysX] Initialized MultithreadedTaskDispatcher with 8 workers.
 -> (artifact id: '329d8c933d5451aa1617c21f1c26dce2') in 0.020194 seconds
Number of updated asset objects reloaded before import = 0
Number of asset objects unloaded after import = 3
========================================================================
Received Import Request.
  Time since last request: 0.000028 seconds.
  path: Assets/Tiles/atlas_floor-16x16_23.asset
  artifactKey: Guid(1273c69dcd3012546a348e3b1799263e) Importer(815301076,1909f56bfc062723c751e8b465ee728b)
Start importing Assets/Tiles/atlas_floor-16x16_23.asset using Guid(1273c69dcd3012546a348e3b1799263e) Importer(815301076,1909f56bfc062723c751e8b465ee728b) [PhysX] Initialized MultithreadedTaskDispatcher with 8 workers.
 -> (artifact id: '10e21913abde784bff0e6fe48124a3b6') in 0.020151 seconds
Number of updated asset objects reloaded before import = 0
Number of asset objects unloaded after import = 3
========================================================================
Received Import Request.
  Time since last request: 0.000082 seconds.
  path: Assets/Tiles/atlas_floor-16x16_15.asset
  artifactKey: Guid(e4c6013e216048046ba417d3b07d7dfc) Importer(815301076,1909f56bfc062723c751e8b465ee728b)
Start importing Assets/Tiles/atlas_floor-16x16_15.asset using Guid(e4c6013e216048046ba417d3b07d7dfc) Importer(815301076,1909f56bfc062723c751e8b465ee728b) [PhysX] Initialized MultithreadedTaskDispatcher with 8 workers.
 -> (artifact id: 'c69d964764f3980ff5b8726d7f5a2ca4') in 0.020227 seconds
Number of updated asset objects reloaded before import = 0
Number of asset objects unloaded after import = 3
========================================================================
Received Import Request.
  Time since last request: 0.763948 seconds.
  path: Assets/Tiles/atlas_floor-16x16_35.asset
  artifactKey: Guid(330e52dfef798a1419967b0fd16fbd68) Importer(815301076,1909f56bfc062723c751e8b465ee728b)
Start importing Assets/Tiles/atlas_floor-16x16_35.asset using Guid(330e52dfef798a1419967b0fd16fbd68) Importer(815301076,1909f56bfc062723c751e8b465ee728b) [PhysX] Initialized MultithreadedTaskDispatcher with 8 workers.
 -> (artifact id: 'aefbcc5c70ba58242c7644222bc9b4fe') in 0.017738 seconds
Number of updated asset objects reloaded before import = 0
Number of asset objects unloaded after import = 3
========================================================================
Received Import Request.
  Time since last request: 0.002064 seconds.
  path: Assets/Tiles/atlas_floor-16x16_37.asset
  artifactKey: Guid(497287da90dfe4e47959f8915f791055) Importer(815301076,1909f56bfc062723c751e8b465ee728b)
Start importing Assets/Tiles/atlas_floor-16x16_37.asset using Guid(497287da90dfe4e47959f8915f791055) Importer(815301076,1909f56bfc062723c751e8b465ee728b) [PhysX] Initialized MultithreadedTaskDispatcher with 8 workers.
 -> (artifact id: '8f11c4ea96facdf9fda0478ebd9d73ed') in 0.014494 seconds
Number of updated asset objects reloaded before import = 0
Number of asset objects unloaded after import = 3
========================================================================
Received Import Request.
  Time since last request: 0.001433 seconds.
  path: Assets/Tiles/atlas_floor-16x16_39.asset
  artifactKey: Guid(5ec9305937727fb4f805f77a37ce257c) Importer(815301076,1909f56bfc062723c751e8b465ee728b)
Start importing Assets/Tiles/atlas_floor-16x16_39.asset using Guid(5ec9305937727fb4f805f77a37ce257c) Importer(815301076,1909f56bfc062723c751e8b465ee728b) [PhysX] Initialized MultithreadedTaskDispatcher with 8 workers.
 -> (artifact id: '96f43f3a2dd8374247041630f1b62079') in 0.011593 seconds
Number of updated asset objects reloaded before import = 0
Number of asset objects unloaded after import = 3
========================================================================
Received Import Request.
  Time since last request: 0.002230 seconds.
  path: Assets/Tiles/atlas_floor-16x16_41.asset
  artifactKey: Guid(a1f22a1d768a41a4587ed9b0fc4cb205) Importer(815301076,1909f56bfc062723c751e8b465ee728b)
Start importing Assets/Tiles/atlas_floor-16x16_41.asset using Guid(a1f22a1d768a41a4587ed9b0fc4cb205) Importer(815301076,1909f56bfc062723c751e8b465ee728b) [PhysX] Initialized MultithreadedTaskDispatcher with 8 workers.
 -> (artifact id: '8212f42bb9cd173adfec77d78d763114') in 0.010385 seconds
Number of updated asset objects reloaded before import = 0
Number of asset objects unloaded after import = 3
========================================================================
Received Import Request.
  Time since last request: 0.001706 seconds.
  path: Assets/Tiles/atlas_floor-16x16_43.asset
  artifactKey: Guid(60ede8d5861978d46a5c6f43664cce2c) Importer(815301076,1909f56bfc062723c751e8b465ee728b)
Start importing Assets/Tiles/atlas_floor-16x16_43.asset using Guid(60ede8d5861978d46a5c6f43664cce2c) Importer(815301076,1909f56bfc062723c751e8b465ee728b) [PhysX] Initialized MultithreadedTaskDispatcher with 8 workers.
 -> (artifact id: '07f0fe2b5dc392e28a5a0825e851eb0c') in 0.011636 seconds
Number of updated asset objects reloaded before import = 0
Number of asset objects unloaded after import = 3
========================================================================
Received Import Request.
  Time since last request: 0.027455 seconds.
  path: Assets/Tiles/atlas_walls_high-16x32_1.asset
  artifactKey: Guid(1a599bf0c3c05344898b9919f62b24ca) Importer(815301076,1909f56bfc062723c751e8b465ee728b)
Start importing Assets/Tiles/atlas_walls_high-16x32_1.asset using Guid(1a599bf0c3c05344898b9919f62b24ca) Importer(815301076,1909f56bfc062723c751e8b465ee728b) [PhysX] Initialized MultithreadedTaskDispatcher with 8 workers.
 -> (artifact id: 'f542b3d134d24ad4676e8e917415803e') in 0.013876 seconds
Number of updated asset objects reloaded before import = 0
Number of asset objects unloaded after import = 3
========================================================================
Received Import Request.
  Time since last request: 0.000021 seconds.
  path: Assets/Tiles/atlas_walls_high-16x32_3.asset
  artifactKey: Guid(4f2695716a2091b47a5111bb5d0e9195) Importer(815301076,1909f56bfc062723c751e8b465ee728b)
Start importing Assets/Tiles/atlas_walls_high-16x32_3.asset using Guid(4f2695716a2091b47a5111bb5d0e9195) Importer(815301076,1909f56bfc062723c751e8b465ee728b) [PhysX] Initialized MultithreadedTaskDispatcher with 8 workers.
 -> (artifact id: '29a8e6a13bebbd2a698e5e6bcd726a02') in 0.011175 seconds
Number of updated asset objects reloaded before import = 0
Number of asset objects unloaded after import = 3
========================================================================
Received Import Request.
  Time since last request: 0.000017 seconds.
  path: Assets/Tiles/atlas_walls_high-16x32_5.asset
  artifactKey: Guid(0140b698fdcc6374db72d2aedf6412b6) Importer(815301076,1909f56bfc062723c751e8b465ee728b)
Start importing Assets/Tiles/atlas_walls_high-16x32_5.asset using Guid(0140b698fdcc6374db72d2aedf6412b6) Importer(815301076,1909f56bfc062723c751e8b465ee728b) [PhysX] Initialized MultithreadedTaskDispatcher with 8 workers.
 -> (artifact id: 'd976bd490450ba93d4041cee3f6450cd') in 0.010350 seconds
Number of updated asset objects reloaded before import = 0
Number of asset objects unloaded after import = 3
========================================================================
Received Import Request.
  Time since last request: 0.001574 seconds.
  path: Assets/Tiles/atlas_walls_high-16x32_7.asset
  artifactKey: Guid(8eeba76cde7fb494fbb4911c36b6059b) Importer(815301076,1909f56bfc062723c751e8b465ee728b)
Start importing Assets/Tiles/atlas_walls_high-16x32_7.asset using Guid(8eeba76cde7fb494fbb4911c36b6059b) Importer(815301076,1909f56bfc062723c751e8b465ee728b) [PhysX] Initialized MultithreadedTaskDispatcher with 8 workers.
 -> (artifact id: '5b78d5faa277f22f3796831ba7f1987f') in 0.005518 seconds
Number of updated asset objects reloaded before import = 0
Number of asset objects unloaded after import = 3
========================================================================
Received Import Request.
  Time since last request: 0.000040 seconds.
  path: Assets/Tiles/atlas_walls_high-16x32_8.asset
  artifactKey: Guid(51f039240ab2008448fac72c96586d7c) Importer(815301076,1909f56bfc062723c751e8b465ee728b)
Start importing Assets/Tiles/atlas_walls_high-16x32_8.asset using Guid(51f039240ab2008448fac72c96586d7c) Importer(815301076,1909f56bfc062723c751e8b465ee728b) [PhysX] Initialized MultithreadedTaskDispatcher with 8 workers.
 -> (artifact id: '642686193fb07c110722e7ea2a0d3fe0') in 0.010770 seconds
Number of updated asset objects reloaded before import = 0
Number of asset objects unloaded after import = 3
========================================================================
Received Import Request.
  Time since last request: 0.001631 seconds.
  path: Assets/Tiles/atlas_walls_high-16x32_10.asset
  artifactKey: Guid(a87ead77a168f124286c3f97ac43c924) Importer(815301076,1909f56bfc062723c751e8b465ee728b)
Start importing Assets/Tiles/atlas_walls_high-16x32_10.asset using Guid(a87ead77a168f124286c3f97ac43c924) Importer(815301076,1909f56bfc062723c751e8b465ee728b) [PhysX] Initialized MultithreadedTaskDispatcher with 8 workers.
 -> (artifact id: '1b7d9b69cb125943456b65babfed1507') in 0.010471 seconds
Number of updated asset objects reloaded before import = 0
Number of asset objects unloaded after import = 3
========================================================================
Received Import Request.
  Time since last request: 0.006945 seconds.
  path: Assets/Tiles/atlas_walls_high-16x32_12.asset
  artifactKey: Guid(b5fb21a661d8e5b4ba04a9264c0b06d4) Importer(815301076,1909f56bfc062723c751e8b465ee728b)
Start importing Assets/Tiles/atlas_walls_high-16x32_12.asset using Guid(b5fb21a661d8e5b4ba04a9264c0b06d4) Importer(815301076,1909f56bfc062723c751e8b465ee728b) [PhysX] Initialized MultithreadedTaskDispatcher with 8 workers.
 -> (artifact id: 'e76ca8eaeb1c41a5e7b065e8e3a46ff7') in 0.010645 seconds
Number of updated asset objects reloaded before import = 0
Number of asset objects unloaded after import = 3
========================================================================
Received Import Request.
  Time since last request: 0.001601 seconds.
  path: Assets/Tiles/atlas_walls_high-16x32_14.asset
  artifactKey: Guid(106441a824b05854fa1f618a537c14bd) Importer(815301076,1909f56bfc062723c751e8b465ee728b)
Start importing Assets/Tiles/atlas_walls_high-16x32_14.asset using Guid(106441a824b05854fa1f618a537c14bd) Importer(815301076,1909f56bfc062723c751e8b465ee728b) [PhysX] Initialized MultithreadedTaskDispatcher with 8 workers.
 -> (artifact id: '3148149c553340bf8a60c8eddfb59dae') in 0.010237 seconds
Number of updated asset objects reloaded before import = 0
Number of asset objects unloaded after import = 3
========================================================================
Received Import Request.
  Time since last request: 0.001361 seconds.
  path: Assets/Tiles/atlas_walls_high-16x32_16.asset
  artifactKey: Guid(afc19768b3f9acf4a90aa5b5550bf891) Importer(815301076,1909f56bfc062723c751e8b465ee728b)
Start importing Assets/Tiles/atlas_walls_high-16x32_16.asset using Guid(afc19768b3f9acf4a90aa5b5550bf891) Importer(815301076,1909f56bfc062723c751e8b465ee728b) [PhysX] Initialized MultithreadedTaskDispatcher with 8 workers.
 -> (artifact id: '8a709f8913f09d8338d76edcf9ab4c63') in 0.010566 seconds
Number of updated asset objects reloaded before import = 0
Number of asset objects unloaded after import = 3
========================================================================
Received Import Request.
  Time since last request: 0.001954 seconds.
  path: Assets/Tiles/atlas_walls_high-16x32_18.asset
  artifactKey: Guid(8a88040f3eacc2b4eabbacd690c500a5) Importer(815301076,1909f56bfc062723c751e8b465ee728b)
Start importing Assets/Tiles/atlas_walls_high-16x32_18.asset using Guid(8a88040f3eacc2b4eabbacd690c500a5) Importer(815301076,1909f56bfc062723c751e8b465ee728b) [PhysX] Initialized MultithreadedTaskDispatcher with 8 workers.
 -> (artifact id: '06ad56f8f18aabe082b21fe2da043e45') in 0.010485 seconds
Number of updated asset objects reloaded before import = 0
Number of asset objects unloaded after import = 3
========================================================================
Received Import Request.
  Time since last request: 0.001539 seconds.
  path: Assets/Tiles/atlas_walls_high-16x32_20.asset
  artifactKey: Guid(33c4cc5f1611dc74cb4ff1637822e5a3) Importer(815301076,1909f56bfc062723c751e8b465ee728b)
Start importing Assets/Tiles/atlas_walls_high-16x32_20.asset using Guid(33c4cc5f1611dc74cb4ff1637822e5a3) Importer(815301076,1909f56bfc062723c751e8b465ee728b) [PhysX] Initialized MultithreadedTaskDispatcher with 8 workers.
 -> (artifact id: '6da220bdb592d3a95c506506ea103ba5') in 0.011682 seconds
Number of updated asset objects reloaded before import = 0
Number of asset objects unloaded after import = 3
========================================================================
Received Import Request.
  Time since last request: 0.098561 seconds.
  path: Assets/Tiles/atlas_walls_high-16x32_23.asset
  artifactKey: Guid(2757a2ea3bca05d40b0c014a76d9deb4) Importer(815301076,1909f56bfc062723c751e8b465ee728b)
Start importing Assets/Tiles/atlas_walls_high-16x32_23.asset using Guid(2757a2ea3bca05d40b0c014a76d9deb4) Importer(815301076,1909f56bfc062723c751e8b465ee728b) [PhysX] Initialized MultithreadedTaskDispatcher with 8 workers.
 -> (artifact id: '78513fb09498ff8aada90f8096aa7b68') in 0.010158 seconds
Number of updated asset objects reloaded before import = 0
Number of asset objects unloaded after import = 3
========================================================================
Received Import Request.
  Time since last request: 0.013237 seconds.
  path: Assets/Tiles/atlas_walls_high-16x32_26.asset
  artifactKey: Guid(23641e8f605c73d4285f1fea5472fb92) Importer(815301076,1909f56bfc062723c751e8b465ee728b)
Start importing Assets/Tiles/atlas_walls_high-16x32_26.asset using Guid(23641e8f605c73d4285f1fea5472fb92) Importer(815301076,1909f56bfc062723c751e8b465ee728b) [PhysX] Initialized MultithreadedTaskDispatcher with 8 workers.
 -> (artifact id: 'e0c3db2b28b38465341b15054ccc51c2') in 0.010532 seconds
Number of updated asset objects reloaded before import = 0
Number of asset objects unloaded after import = 3
========================================================================
Received Import Request.
  Time since last request: 0.001543 seconds.
  path: Assets/Tiles/atlas_walls_high-16x32_28.asset
  artifactKey: Guid(fd34f4ce7953e9948ada30a369a586b3) Importer(815301076,1909f56bfc062723c751e8b465ee728b)
Start importing Assets/Tiles/atlas_walls_high-16x32_28.asset using Guid(fd34f4ce7953e9948ada30a369a586b3) Importer(815301076,1909f56bfc062723c751e8b465ee728b) [PhysX] Initialized MultithreadedTaskDispatcher with 8 workers.
 -> (artifact id: '5301766fe96d295fa3a836f21508add5') in 0.010709 seconds
Number of updated asset objects reloaded before import = 0
Number of asset objects unloaded after import = 3
========================================================================
Received Import Request.
  Time since last request: 0.001201 seconds.
  path: Assets/Tiles/atlas_walls_high-16x32_30.asset
  artifactKey: Guid(ffd36ee59ed21d04392bec2cb461d9c6) Importer(815301076,1909f56bfc062723c751e8b465ee728b)
Start importing Assets/Tiles/atlas_walls_high-16x32_30.asset using Guid(ffd36ee59ed21d04392bec2cb461d9c6) Importer(815301076,1909f56bfc062723c751e8b465ee728b) [PhysX] Initialized MultithreadedTaskDispatcher with 8 workers.
 -> (artifact id: '73b36b185dcff4991264077a1ee1d5c5') in 0.011493 seconds
Number of updated asset objects reloaded before import = 0
Number of asset objects unloaded after import = 3
========================================================================
Received Import Request.
  Time since last request: 0.000019 seconds.
  path: Assets/Tiles/atlas_walls_high-16x32_32.asset
  artifactKey: Guid(d85970736fca6ec4f9c154f53d6f80c5) Importer(815301076,1909f56bfc062723c751e8b465ee728b)
Start importing Assets/Tiles/atlas_walls_high-16x32_32.asset using Guid(d85970736fca6ec4f9c154f53d6f80c5) Importer(815301076,1909f56bfc062723c751e8b465ee728b) [PhysX] Initialized MultithreadedTaskDispatcher with 8 workers.
 -> (artifact id: '67416a622319a2558580aa83a1f9570c') in 0.016858 seconds
Number of updated asset objects reloaded before import = 0
Number of asset objects unloaded after import = 3
========================================================================
Received Import Request.
  Time since last request: 0.014682 seconds.
  path: Assets/Tiles/atlas_walls_high-16x32_34.asset
  artifactKey: Guid(adc50994c5318ce4891deaa8919e09a6) Importer(815301076,1909f56bfc062723c751e8b465ee728b)
Start importing Assets/Tiles/atlas_walls_high-16x32_34.asset using Guid(adc50994c5318ce4891deaa8919e09a6) Importer(815301076,1909f56bfc062723c751e8b465ee728b) [PhysX] Initialized MultithreadedTaskDispatcher with 8 workers.
 -> (artifact id: 'e3aebfb2d993cd2e938f3b547c0f2f7c') in 0.010532 seconds
Number of updated asset objects reloaded before import = 0
Number of asset objects unloaded after import = 3
========================================================================
Received Import Request.
  Time since last request: 0.001482 seconds.
  path: Assets/Tiles/atlas_walls_high-16x32_36.asset
  artifactKey: Guid(5e6c2744b8f379143b2bdea97b8aac80) Importer(815301076,1909f56bfc062723c751e8b465ee728b)
Start importing Assets/Tiles/atlas_walls_high-16x32_36.asset using Guid(5e6c2744b8f379143b2bdea97b8aac80) Importer(815301076,1909f56bfc062723c751e8b465ee728b) [PhysX] Initialized MultithreadedTaskDispatcher with 8 workers.
 -> (artifact id: '2e427823be68ec26871c167fb50ec807') in 0.010277 seconds
Number of updated asset objects reloaded before import = 0
Number of asset objects unloaded after import = 3
========================================================================
Received Import Request.
  Time since last request: 0.001138 seconds.
  path: Assets/Tiles/atlas_walls_high-16x32_38.asset
  artifactKey: Guid(01ddb2dbbdb689e449b367896f99548b) Importer(815301076,1909f56bfc062723c751e8b465ee728b)
Start importing Assets/Tiles/atlas_walls_high-16x32_38.asset using Guid(01ddb2dbbdb689e449b367896f99548b) Importer(815301076,1909f56bfc062723c751e8b465ee728b) [PhysX] Initialized MultithreadedTaskDispatcher with 8 workers.
 -> (artifact id: 'd12aa0315301ab850d06713484d05c76') in 0.010375 seconds
Number of updated asset objects reloaded before import = 0
Number of asset objects unloaded after import = 3
========================================================================
Received Import Request.
  Time since last request: 0.002316 seconds.
  path: Assets/Tiles/atlas_walls_high-16x32_40.asset
  artifactKey: Guid(92e364dfa05d85149bc78079156c0745) Importer(815301076,1909f56bfc062723c751e8b465ee728b)
Start importing Assets/Tiles/atlas_walls_high-16x32_40.asset using Guid(92e364dfa05d85149bc78079156c0745) Importer(815301076,1909f56bfc062723c751e8b465ee728b) [PhysX] Initialized MultithreadedTaskDispatcher with 8 workers.
 -> (artifact id: '2659211e1e37016871d35353cfa1cac1') in 0.010601 seconds
Number of updated asset objects reloaded before import = 0
Number of asset objects unloaded after import = 3
========================================================================
Received Import Request.
  Time since last request: 0.002090 seconds.
  path: Assets/Tiles/atlas_walls_high-16x32_42.asset
  artifactKey: Guid(7c8d36d63a726cf469a749d37f84787d) Importer(815301076,1909f56bfc062723c751e8b465ee728b)
Start importing Assets/Tiles/atlas_walls_high-16x32_42.asset using Guid(7c8d36d63a726cf469a749d37f84787d) Importer(815301076,1909f56bfc062723c751e8b465ee728b) [PhysX] Initialized MultithreadedTaskDispatcher with 8 workers.
 -> (artifact id: '8841096d8dee13e1c196976d9182721a') in 0.010471 seconds
Number of updated asset objects reloaded before import = 0
Number of asset objects unloaded after import = 3
========================================================================
Received Import Request.
  Time since last request: 0.507847 seconds.
  path: Assets/Tiles/atlas_walls_high-16x32_45.asset
  artifactKey: Guid(5da102380d290b84791cabb5c92f8310) Importer(815301076,1909f56bfc062723c751e8b465ee728b)
Start importing Assets/Tiles/atlas_walls_high-16x32_45.asset using Guid(5da102380d290b84791cabb5c92f8310) Importer(815301076,1909f56bfc062723c751e8b465ee728b) [PhysX] Initialized MultithreadedTaskDispatcher with 8 workers.
 -> (artifact id: '45c46a7e2d0aec906db63ff1283d478d') in 0.039212 seconds
Number of updated asset objects reloaded before import = 0
Number of asset objects unloaded after import = 3
========================================================================
Received Import Request.
  Time since last request: 0.006748 seconds.
  path: Assets/Tiles/atlas_walls_high-16x32_47.asset
  artifactKey: Guid(96ab6882af2c8b54f9dc3f33c3828f54) Importer(815301076,1909f56bfc062723c751e8b465ee728b)
Start importing Assets/Tiles/atlas_walls_high-16x32_47.asset using Guid(96ab6882af2c8b54f9dc3f33c3828f54) Importer(815301076,1909f56bfc062723c751e8b465ee728b) [PhysX] Initialized MultithreadedTaskDispatcher with 8 workers.
 -> (artifact id: 'f6f0dc4367360d9f8c682a66517cfaf2') in 0.016662 seconds
Number of updated asset objects reloaded before import = 0
Number of asset objects unloaded after import = 3
========================================================================
Received Import Request.
  Time since last request: 0.003867 seconds.
  path: Assets/Tiles/atlas_walls_high-16x32_49.asset
  artifactKey: Guid(3d994e4f5ada7aa47b130c30e0ffd20d) Importer(815301076,1909f56bfc062723c751e8b465ee728b)
Start importing Assets/Tiles/atlas_walls_high-16x32_49.asset using Guid(3d994e4f5ada7aa47b130c30e0ffd20d) Importer(815301076,1909f56bfc062723c751e8b465ee728b) [PhysX] Initialized MultithreadedTaskDispatcher with 8 workers.
 -> (artifact id: '13a1a7c6fa02a6333fa1f92125e9f8c7') in 0.012545 seconds
Number of updated asset objects reloaded before import = 0
Number of asset objects unloaded after import = 3
========================================================================
Received Import Request.
  Time since last request: 0.002292 seconds.
  path: Assets/Tiles/atlas_walls_high-16x32_51.asset
  artifactKey: Guid(be1e840f014be7f4694a58d10c03d5d6) Importer(815301076,1909f56bfc062723c751e8b465ee728b)
Start importing Assets/Tiles/atlas_walls_high-16x32_51.asset using Guid(be1e840f014be7f4694a58d10c03d5d6) Importer(815301076,1909f56bfc062723c751e8b465ee728b) [PhysX] Initialized MultithreadedTaskDispatcher with 8 workers.
 -> (artifact id: 'b02f074f861ec34d8e4c72db6924868d') in 0.013357 seconds
Number of updated asset objects reloaded before import = 0
Number of asset objects unloaded after import = 3
========================================================================
Received Import Request.
  Time since last request: 0.001767 seconds.
  path: Assets/Tiles/atlas_walls_high-16x32_53.asset
  artifactKey: Guid(204f7c7db6fc01d4698e3c4df61e3f65) Importer(815301076,1909f56bfc062723c751e8b465ee728b)
Start importing Assets/Tiles/atlas_walls_high-16x32_53.asset using Guid(204f7c7db6fc01d4698e3c4df61e3f65) Importer(815301076,1909f56bfc062723c751e8b465ee728b) [PhysX] Initialized MultithreadedTaskDispatcher with 8 workers.
 -> (artifact id: 'c9f3b2812a136895afdfe1ad17ecf16d') in 0.014226 seconds
Number of updated asset objects reloaded before import = 0
Number of asset objects unloaded after import = 3
========================================================================
Received Import Request.
  Time since last request: 0.026283 seconds.
  path: Assets/Tiles/atlas_walls_high-16x32_56.asset
  artifactKey: Guid(f09c5f1934e14334bab685faccf53d98) Importer(815301076,1909f56bfc062723c751e8b465ee728b)
Start importing Assets/Tiles/atlas_walls_high-16x32_56.asset using Guid(f09c5f1934e14334bab685faccf53d98) Importer(815301076,1909f56bfc062723c751e8b465ee728b) [PhysX] Initialized MultithreadedTaskDispatcher with 8 workers.
 -> (artifact id: '5e568297c8cf1c745c9b0818f210920c') in 0.012703 seconds
Number of updated asset objects reloaded before import = 0
Number of asset objects unloaded after import = 3
========================================================================
Received Import Request.
  Time since last request: 0.001657 seconds.
  path: Assets/Tiles/atlas_walls_high-16x32_58.asset
  artifactKey: Guid(1c17753803c6cbd428b9558638e4b57f) Importer(815301076,1909f56bfc062723c751e8b465ee728b)
Start importing Assets/Tiles/atlas_walls_high-16x32_58.asset using Guid(1c17753803c6cbd428b9558638e4b57f) Importer(815301076,1909f56bfc062723c751e8b465ee728b) [PhysX] Initialized MultithreadedTaskDispatcher with 8 workers.
 -> (artifact id: '3a049085543e02cb309cf576fb399c34') in 0.011922 seconds
Number of updated asset objects reloaded before import = 0
Number of asset objects unloaded after import = 3
========================================================================
Received Import Request.
  Time since last request: 0.002600 seconds.
  path: Assets/Tiles/atlas_walls_high-16x32_60.asset
  artifactKey: Guid(49e767b5b335b8c44b4c0975114e776a) Importer(815301076,1909f56bfc062723c751e8b465ee728b)
Start importing Assets/Tiles/atlas_walls_high-16x32_60.asset using Guid(49e767b5b335b8c44b4c0975114e776a) Importer(815301076,1909f56bfc062723c751e8b465ee728b) [PhysX] Initialized MultithreadedTaskDispatcher with 8 workers.
 -> (artifact id: 'dac12ecad019f2fdea7a532c1eb0c5c3') in 0.011374 seconds
Number of updated asset objects reloaded before import = 0
Number of asset objects unloaded after import = 3
========================================================================
Received Import Request.
  Time since last request: 0.002513 seconds.
  path: Assets/Tiles/atlas_walls_high-16x32_62.asset
  artifactKey: Guid(9ca7af448813b804b84948554a4a16bd) Importer(815301076,1909f56bfc062723c751e8b465ee728b)
Start importing Assets/Tiles/atlas_walls_high-16x32_62.asset using Guid(9ca7af448813b804b84948554a4a16bd) Importer(815301076,1909f56bfc062723c751e8b465ee728b) [PhysX] Initialized MultithreadedTaskDispatcher with 8 workers.
 -> (artifact id: '5f8ab54429c26d1cb8a60b76e90a40d5') in 0.011546 seconds
Number of updated asset objects reloaded before import = 0
Number of asset objects unloaded after import = 3
========================================================================
Received Import Request.
  Time since last request: 0.002438 seconds.
  path: Assets/Tiles/atlas_walls_high-16x32_64.asset
  artifactKey: Guid(de5e4c6efe5268f42ae8a9fa85dcff74) Importer(815301076,1909f56bfc062723c751e8b465ee728b)
Start importing Assets/Tiles/atlas_walls_high-16x32_64.asset using Guid(de5e4c6efe5268f42ae8a9fa85dcff74) Importer(815301076,1909f56bfc062723c751e8b465ee728b) [PhysX] Initialized MultithreadedTaskDispatcher with 8 workers.
 -> (artifact id: '98a909fb4fbdcb3c7c6e4d8372fc3b65') in 0.012296 seconds
Number of updated asset objects reloaded before import = 0
Number of asset objects unloaded after import = 3
========================================================================
Received Import Request.
  Time since last request: 0.001351 seconds.
  path: Assets/Tiles/atlas_walls_high-16x32_66.asset
  artifactKey: Guid(73c8ea3d26c9f554fb22e683d510b164) Importer(815301076,1909f56bfc062723c751e8b465ee728b)
Start importing Assets/Tiles/atlas_walls_high-16x32_66.asset using Guid(73c8ea3d26c9f554fb22e683d510b164) Importer(815301076,1909f56bfc062723c751e8b465ee728b) [PhysX] Initialized MultithreadedTaskDispatcher with 8 workers.
 -> (artifact id: '95add7c8cd939d202b165c0ccf8c59a1') in 0.014239 seconds
Number of updated asset objects reloaded before import = 0
Number of asset objects unloaded after import = 3
========================================================================
Received Import Request.
  Time since last request: 0.002297 seconds.
  path: Assets/Tiles/atlas_walls_high-16x32_68.asset
  artifactKey: Guid(0b9a455c40647404792947b54466723a) Importer(815301076,1909f56bfc062723c751e8b465ee728b)
Start importing Assets/Tiles/atlas_walls_high-16x32_68.asset using Guid(0b9a455c40647404792947b54466723a) Importer(815301076,1909f56bfc062723c751e8b465ee728b) [PhysX] Initialized MultithreadedTaskDispatcher with 8 workers.
 -> (artifact id: 'c47cd4ef3efba060e566260f3e561459') in 0.011656 seconds
Number of updated asset objects reloaded before import = 0
Number of asset objects unloaded after import = 3
========================================================================
Received Import Request.
  Time since last request: 0.001936 seconds.
  path: Assets/Tiles/atlas_walls_high-16x32_70.asset
  artifactKey: Guid(3c8147cf4c220cd40add502c6a1647a9) Importer(815301076,1909f56bfc062723c751e8b465ee728b)
Start importing Assets/Tiles/atlas_walls_high-16x32_70.asset using Guid(3c8147cf4c220cd40add502c6a1647a9) Importer(815301076,1909f56bfc062723c751e8b465ee728b) [PhysX] Initialized MultithreadedTaskDispatcher with 8 workers.
 -> (artifact id: '8c07f98eab5801945e41b6b592f9d549') in 0.013172 seconds
Number of updated asset objects reloaded before import = 0
Number of asset objects unloaded after import = 3
========================================================================
Received Import Request.
  Time since last request: 0.001759 seconds.
  path: Assets/Tiles/atlas_walls_high-16x32_72.asset
  artifactKey: Guid(274c9e495730618439ee59629ae02dbb) Importer(815301076,1909f56bfc062723c751e8b465ee728b)
Start importing Assets/Tiles/atlas_walls_high-16x32_72.asset using Guid(274c9e495730618439ee59629ae02dbb) Importer(815301076,1909f56bfc062723c751e8b465ee728b) [PhysX] Initialized MultithreadedTaskDispatcher with 8 workers.
 -> (artifact id: '2df4d6540d78db5390f43b9c4007c02b') in 0.012156 seconds
Number of updated asset objects reloaded before import = 0
Number of asset objects unloaded after import = 3
========================================================================
Received Import Request.
  Time since last request: 0.001280 seconds.
  path: Assets/Tiles/atlas_walls_high-16x32_74.asset
  artifactKey: Guid(27caa35fc15436746be56af57ce578d1) Importer(815301076,1909f56bfc062723c751e8b465ee728b)
Start importing Assets/Tiles/atlas_walls_high-16x32_74.asset using Guid(27caa35fc15436746be56af57ce578d1) Importer(815301076,1909f56bfc062723c751e8b465ee728b) [PhysX] Initialized MultithreadedTaskDispatcher with 8 workers.
 -> (artifact id: '581de5a3b7a72bf0912b7bcd21d79b67') in 0.011938 seconds
Number of updated asset objects reloaded before import = 0
Number of asset objects unloaded after import = 3
========================================================================
Received Import Request.
  Time since last request: 0.000875 seconds.
  path: Assets/Tiles/atlas_walls_high-16x32_76.asset
  artifactKey: Guid(5fc72bbf690462b4c8aee5d503f351cf) Importer(815301076,1909f56bfc062723c751e8b465ee728b)
Start importing Assets/Tiles/atlas_walls_high-16x32_76.asset using Guid(5fc72bbf690462b4c8aee5d503f351cf) Importer(815301076,1909f56bfc062723c751e8b465ee728b) [PhysX] Initialized MultithreadedTaskDispatcher with 8 workers.
 -> (artifact id: '1e01d38d4279cb3143386fb7f93dc6a5') in 0.014010 seconds
Number of updated asset objects reloaded before import = 0
Number of asset objects unloaded after import = 3
========================================================================
Received Import Request.
  Time since last request: 0.020109 seconds.
  path: Assets/Tiles/atlas_walls_high-16x32_78.asset
  artifactKey: Guid(9bcf80b703bc38e459fd106e0c6c455d) Importer(815301076,1909f56bfc062723c751e8b465ee728b)
Start importing Assets/Tiles/atlas_walls_high-16x32_78.asset using Guid(9bcf80b703bc38e459fd106e0c6c455d) Importer(815301076,1909f56bfc062723c751e8b465ee728b) [PhysX] Initialized MultithreadedTaskDispatcher with 8 workers.
 -> (artifact id: '3a4fe3c268dd9fa72c1edcf084da9610') in 0.018317 seconds
Number of updated asset objects reloaded before import = 0
Number of asset objects unloaded after import = 3
========================================================================
Received Import Request.
  Time since last request: 0.000355 seconds.
  path: Assets/Tiles/atlas_walls_high-16x32_81.asset
  artifactKey: Guid(7af928461aee5e0408d51861880d828a) Importer(815301076,1909f56bfc062723c751e8b465ee728b)
Start importing Assets/Tiles/atlas_walls_high-16x32_81.asset using Guid(7af928461aee5e0408d51861880d828a) Importer(815301076,1909f56bfc062723c751e8b465ee728b) [PhysX] Initialized MultithreadedTaskDispatcher with 8 workers.
 -> (artifact id: '54721a89ce70149d28d113e33e2ff2fb') in 0.009791 seconds
Number of updated asset objects reloaded before import = 0
Number of asset objects unloaded after import = 3
========================================================================
Received Import Request.
  Time since last request: 0.003350 seconds.
  path: Assets/Tiles/atlas_walls_high-16x32_83.asset
  artifactKey: Guid(918a61640cd1abe449ee4a3dd9114b81) Importer(815301076,1909f56bfc062723c751e8b465ee728b)
Start importing Assets/Tiles/atlas_walls_high-16x32_83.asset using Guid(918a61640cd1abe449ee4a3dd9114b81) Importer(815301076,1909f56bfc062723c751e8b465ee728b) [PhysX] Initialized MultithreadedTaskDispatcher with 8 workers.
 -> (artifact id: '4daaad0f644f388fcc35c4e49d322639') in 0.011398 seconds
Number of updated asset objects reloaded before import = 0
Number of asset objects unloaded after import = 3
========================================================================
Received Import Request.
  Time since last request: 0.000019 seconds.
  path: Assets/Tiles/atlas_walls_high-16x32_85.asset
  artifactKey: Guid(1c2a0644b58ddae409e1eec91256c9c5) Importer(815301076,1909f56bfc062723c751e8b465ee728b)
Start importing Assets/Tiles/atlas_walls_high-16x32_85.asset using Guid(1c2a0644b58ddae409e1eec91256c9c5) Importer(815301076,1909f56bfc062723c751e8b465ee728b) [PhysX] Initialized MultithreadedTaskDispatcher with 8 workers.
 -> (artifact id: '4f2eaa838633012706ba2cac8a9ed244') in 0.010797 seconds
Number of updated asset objects reloaded before import = 0
Number of asset objects unloaded after import = 3
========================================================================
Received Import Request.
  Time since last request: 0.001471 seconds.
  path: Assets/Tiles/atlas_walls_high-16x32_87.asset
  artifactKey: Guid(c0476d83156b8f04eb0f36f4793b24c8) Importer(815301076,1909f56bfc062723c751e8b465ee728b)
Start importing Assets/Tiles/atlas_walls_high-16x32_87.asset using Guid(c0476d83156b8f04eb0f36f4793b24c8) Importer(815301076,1909f56bfc062723c751e8b465ee728b) [PhysX] Initialized MultithreadedTaskDispatcher with 8 workers.
 -> (artifact id: '4b8fe39a67ea9c9cb0799af57f52a365') in 0.011289 seconds
Number of updated asset objects reloaded before import = 0
Number of asset objects unloaded after import = 3
========================================================================
Received Import Request.
  Time since last request: 0.000409 seconds.
  path: Assets/Tiles/atlas_walls_high-16x32_89.asset
  artifactKey: Guid(5a6d7dc9c34aba547a265bb05a998992) Importer(815301076,1909f56bfc062723c751e8b465ee728b)
Start importing Assets/Tiles/atlas_walls_high-16x32_89.asset using Guid(5a6d7dc9c34aba547a265bb05a998992) Importer(815301076,1909f56bfc062723c751e8b465ee728b) [PhysX] Initialized MultithreadedTaskDispatcher with 8 workers.
 -> (artifact id: '674434c59b9812a8f40b5171e43c99d7') in 0.010362 seconds
Number of updated asset objects reloaded before import = 0
Number of asset objects unloaded after import = 3
========================================================================
Received Import Request.
  Time since last request: 0.001508 seconds.
  path: Assets/Tiles/atlas_walls_high-16x32_91.asset
  artifactKey: Guid(7ef2fa5a0f1dc3c4691e44707aae0630) Importer(815301076,1909f56bfc062723c751e8b465ee728b)
Start importing Assets/Tiles/atlas_walls_high-16x32_91.asset using Guid(7ef2fa5a0f1dc3c4691e44707aae0630) Importer(815301076,1909f56bfc062723c751e8b465ee728b) [PhysX] Initialized MultithreadedTaskDispatcher with 8 workers.
 -> (artifact id: 'b9e4633f89d55ee35c5d89ea8fee8d88') in 0.010200 seconds
Number of updated asset objects reloaded before import = 0
Number of asset objects unloaded after import = 3
========================================================================
Received Import Request.
  Time since last request: 0.001659 seconds.
  path: Assets/Tiles/atlas_walls_high-16x32_93.asset
  artifactKey: Guid(f76f8c97b8cf99d4b940f7a6e04f4951) Importer(815301076,1909f56bfc062723c751e8b465ee728b)
Start importing Assets/Tiles/atlas_walls_high-16x32_93.asset using Guid(f76f8c97b8cf99d4b940f7a6e04f4951) Importer(815301076,1909f56bfc062723c751e8b465ee728b) [PhysX] Initialized MultithreadedTaskDispatcher with 8 workers.
 -> (artifact id: 'd875812505310e0c96133a6d7d6fbc72') in 0.010387 seconds
Number of updated asset objects reloaded before import = 0
Number of asset objects unloaded after import = 3
========================================================================
Received Import Request.
  Time since last request: 0.002141 seconds.
  path: Assets/Tiles/atlas_walls_high-16x32_95.asset
  artifactKey: Guid(f70052a7478469e41ab5b35d733d9b69) Importer(815301076,1909f56bfc062723c751e8b465ee728b)
Start importing Assets/Tiles/atlas_walls_high-16x32_95.asset using Guid(f70052a7478469e41ab5b35d733d9b69) Importer(815301076,1909f56bfc062723c751e8b465ee728b) [PhysX] Initialized MultithreadedTaskDispatcher with 8 workers.
 -> (artifact id: '22fb59e8813886ee800830509837abcd') in 0.010927 seconds
Number of updated asset objects reloaded before import = 0
Number of asset objects unloaded after import = 3
========================================================================
Received Import Request.
  Time since last request: 0.001111 seconds.
  path: Assets/Tiles/atlas_walls_high-16x32_97.asset
  artifactKey: Guid(9ccd806e00f5e6f4f8c91e44eb4b79c4) Importer(815301076,1909f56bfc062723c751e8b465ee728b)
Start importing Assets/Tiles/atlas_walls_high-16x32_97.asset using Guid(9ccd806e00f5e6f4f8c91e44eb4b79c4) Importer(815301076,1909f56bfc062723c751e8b465ee728b) [PhysX] Initialized MultithreadedTaskDispatcher with 8 workers.
 -> (artifact id: 'a593baa5213c69e3e4861bb14c9faf21') in 0.010993 seconds
Number of updated asset objects reloaded before import = 0
Number of asset objects unloaded after import = 3
========================================================================
Received Import Request.
  Time since last request: 0.039944 seconds.
  path: Assets/Tiles/atlas_walls_high-16x32_101.asset
  artifactKey: Guid(f00b8b2aba516394aa18ff0c0c9d9cfa) Importer(815301076,1909f56bfc062723c751e8b465ee728b)
Start importing Assets/Tiles/atlas_walls_high-16x32_101.asset using Guid(f00b8b2aba516394aa18ff0c0c9d9cfa) Importer(815301076,1909f56bfc062723c751e8b465ee728b) [PhysX] Initialized MultithreadedTaskDispatcher with 8 workers.
 -> (artifact id: '8ad3d82f3cf3874f18a74562dfff45d1') in 0.011752 seconds
Number of updated asset objects reloaded before import = 0
Number of asset objects unloaded after import = 3
========================================================================
Received Import Request.
  Time since last request: 0.002096 seconds.
  path: Assets/Tiles/atlas_walls_high-16x32_103.asset
  artifactKey: Guid(06fa10a034945c3498e41339d94710d9) Importer(815301076,1909f56bfc062723c751e8b465ee728b)
Start importing Assets/Tiles/atlas_walls_high-16x32_103.asset using Guid(06fa10a034945c3498e41339d94710d9) Importer(815301076,1909f56bfc062723c751e8b465ee728b) [PhysX] Initialized MultithreadedTaskDispatcher with 8 workers.
 -> (artifact id: 'a0961524759efa2df94be917d28650e7') in 0.010361 seconds
Number of updated asset objects reloaded before import = 0
Number of asset objects unloaded after import = 3
========================================================================
Received Import Request.
  Time since last request: 0.001435 seconds.
  path: Assets/Tiles/atlas_walls_high-16x32_105.asset
  artifactKey: Guid(b1c3e7becac3cf146885bdf41cebee21) Importer(815301076,1909f56bfc062723c751e8b465ee728b)
Start importing Assets/Tiles/atlas_walls_high-16x32_105.asset using Guid(b1c3e7becac3cf146885bdf41cebee21) Importer(815301076,1909f56bfc062723c751e8b465ee728b) [PhysX] Initialized MultithreadedTaskDispatcher with 8 workers.
 -> (artifact id: 'cbd8b989c7735a21474e5466074cef0b') in 0.010187 seconds
Number of updated asset objects reloaded before import = 0
Number of asset objects unloaded after import = 3
========================================================================
Received Import Request.
  Time since last request: 0.001630 seconds.
  path: Assets/Tiles/atlas_walls_high-16x32_107.asset
  artifactKey: Guid(2e4a1b585d4d95d46aa19604ef90bff3) Importer(815301076,1909f56bfc062723c751e8b465ee728b)
Start importing Assets/Tiles/atlas_walls_high-16x32_107.asset using Guid(2e4a1b585d4d95d46aa19604ef90bff3) Importer(815301076,1909f56bfc062723c751e8b465ee728b) [PhysX] Initialized MultithreadedTaskDispatcher with 8 workers.
 -> (artifact id: 'fa2bd1074940a560d88a78753cb4e61d') in 0.005745 seconds
Number of updated asset objects reloaded before import = 0
Number of asset objects unloaded after import = 3
========================================================================
Received Import Request.
  Time since last request: 0.006826 seconds.
  path: Assets/Tiles/atlas_walls_high-16x32_109.asset
  artifactKey: Guid(beab22f7f8bc020499ecc61b0b71168d) Importer(815301076,1909f56bfc062723c751e8b465ee728b)
Start importing Assets/Tiles/atlas_walls_high-16x32_109.asset using Guid(beab22f7f8bc020499ecc61b0b71168d) Importer(815301076,1909f56bfc062723c751e8b465ee728b) [PhysX] Initialized MultithreadedTaskDispatcher with 8 workers.
 -> (artifact id: 'e44f7cbab8a1ccfc8fd97fe6006d3366') in 0.015402 seconds
Number of updated asset objects reloaded before import = 0
Number of asset objects unloaded after import = 3
========================================================================
Received Import Request.
  Time since last request: 0.035237 seconds.
  path: Assets/Tiles/atlas_walls_high-16x32_112.asset
  artifactKey: Guid(68593014995b9c54ea69b69003a07ac4) Importer(815301076,1909f56bfc062723c751e8b465ee728b)
Start importing Assets/Tiles/atlas_walls_high-16x32_112.asset using Guid(68593014995b9c54ea69b69003a07ac4) Importer(815301076,1909f56bfc062723c751e8b465ee728b) [PhysX] Initialized MultithreadedTaskDispatcher with 8 workers.
 -> (artifact id: '458713018a831e8cf069bca36d7b5861') in 0.010611 seconds
Number of updated asset objects reloaded before import = 0
Number of asset objects unloaded after import = 3
========================================================================
Received Import Request.
  Time since last request: 0.001871 seconds.
  path: Assets/Tiles/atlas_walls_high-16x32_114.asset
  artifactKey: Guid(6b66135e2f98cdd4ab6d47d970018a9a) Importer(815301076,1909f56bfc062723c751e8b465ee728b)
Start importing Assets/Tiles/atlas_walls_high-16x32_114.asset using Guid(6b66135e2f98cdd4ab6d47d970018a9a) Importer(815301076,1909f56bfc062723c751e8b465ee728b) [PhysX] Initialized MultithreadedTaskDispatcher with 8 workers.
 -> (artifact id: '1e83c0449a319b499550fe22e4307945') in 0.011442 seconds
Number of updated asset objects reloaded before import = 0
Number of asset objects unloaded after import = 3
========================================================================
Received Import Request.
  Time since last request: 0.001468 seconds.
  path: Assets/Tiles/atlas_walls_high-16x32_116.asset
  artifactKey: Guid(a6349f8b8c628e040be0a827ceb6deeb) Importer(815301076,1909f56bfc062723c751e8b465ee728b)
Start importing Assets/Tiles/atlas_walls_high-16x32_116.asset using Guid(a6349f8b8c628e040be0a827ceb6deeb) Importer(815301076,1909f56bfc062723c751e8b465ee728b) [PhysX] Initialized MultithreadedTaskDispatcher with 8 workers.
 -> (artifact id: '67decc70ae82862a4902f9cffe838227') in 0.013049 seconds
Number of updated asset objects reloaded before import = 0
Number of asset objects unloaded after import = 3
========================================================================
Received Import Request.
  Time since last request: 0.000742 seconds.
  path: Assets/Tiles/atlas_walls_high-16x32_118.asset
  artifactKey: Guid(d5ce9872633e8194a9fe9a85439ac932) Importer(815301076,1909f56bfc062723c751e8b465ee728b)
Start importing Assets/Tiles/atlas_walls_high-16x32_118.asset using Guid(d5ce9872633e8194a9fe9a85439ac932) Importer(815301076,1909f56bfc062723c751e8b465ee728b) [PhysX] Initialized MultithreadedTaskDispatcher with 8 workers.
 -> (artifact id: '634483545029e415eaa470f6e5008b1e') in 0.010871 seconds
Number of updated asset objects reloaded before import = 0
Number of asset objects unloaded after import = 3
========================================================================
Received Import Request.
  Time since last request: 0.037164 seconds.
  path: Assets/Tiles/atlas_walls_high-16x32_122.asset
  artifactKey: Guid(fc67c5123bffb074e9d85886bf1e985c) Importer(815301076,1909f56bfc062723c751e8b465ee728b)
Start importing Assets/Tiles/atlas_walls_high-16x32_122.asset using Guid(fc67c5123bffb074e9d85886bf1e985c) Importer(815301076,1909f56bfc062723c751e8b465ee728b) [PhysX] Initialized MultithreadedTaskDispatcher with 8 workers.
 -> (artifact id: 'a5a711d9cde5d1d99ce5d0820ff40032') in 0.006721 seconds
Number of updated asset objects reloaded before import = 0
Number of asset objects unloaded after import = 3
========================================================================
Received Import Request.
  Time since last request: 0.005410 seconds.
  path: Assets/Tiles/atlas_walls_high-16x32_124.asset
  artifactKey: Guid(26e04a321d7402c4ea1d09f9894246c6) Importer(815301076,1909f56bfc062723c751e8b465ee728b)
Start importing Assets/Tiles/atlas_walls_high-16x32_124.asset using Guid(26e04a321d7402c4ea1d09f9894246c6) Importer(815301076,1909f56bfc062723c751e8b465ee728b) [PhysX] Initialized MultithreadedTaskDispatcher with 8 workers.
 -> (artifact id: '7825f2a3f2adfc9820df40755a8d3684') in 0.009809 seconds
Number of updated asset objects reloaded before import = 0
Number of asset objects unloaded after import = 3
========================================================================
Received Import Request.
  Time since last request: 0.001907 seconds.
  path: Assets/Tiles/atlas_walls_high-16x32_126.asset
  artifactKey: Guid(484b3334dcc0e4448afd6ab48c0d50f0) Importer(815301076,1909f56bfc062723c751e8b465ee728b)
Start importing Assets/Tiles/atlas_walls_high-16x32_126.asset using Guid(484b3334dcc0e4448afd6ab48c0d50f0) Importer(815301076,1909f56bfc062723c751e8b465ee728b) [PhysX] Initialized MultithreadedTaskDispatcher with 8 workers.
 -> (artifact id: '06525aa7710d1390f0147abb9201595d') in 0.010435 seconds
Number of updated asset objects reloaded before import = 0
Number of asset objects unloaded after import = 3
========================================================================
Received Import Request.
  Time since last request: 0.001522 seconds.
  path: Assets/Tiles/atlas_walls_high-16x32_128.asset
  artifactKey: Guid(c01346f0a12d4c3459c3dc9b77236716) Importer(815301076,1909f56bfc062723c751e8b465ee728b)
Start importing Assets/Tiles/atlas_walls_high-16x32_128.asset using Guid(c01346f0a12d4c3459c3dc9b77236716) Importer(815301076,1909f56bfc062723c751e8b465ee728b) [PhysX] Initialized MultithreadedTaskDispatcher with 8 workers.
 -> (artifact id: 'f6cbb137cc358d92f36d15584f965d24') in 0.014739 seconds
Number of updated asset objects reloaded before import = 0
Number of asset objects unloaded after import = 3
========================================================================
Received Import Request.
  Time since last request: 0.000466 seconds.
  path: Assets/Tiles/atlas_walls_high-16x32_130.asset
  artifactKey: Guid(1a2d58beb4976154298a4d118f377619) Importer(815301076,1909f56bfc062723c751e8b465ee728b)
Start importing Assets/Tiles/atlas_walls_high-16x32_130.asset using Guid(1a2d58beb4976154298a4d118f377619) Importer(815301076,1909f56bfc062723c751e8b465ee728b) [PhysX] Initialized MultithreadedTaskDispatcher with 8 workers.
 -> (artifact id: 'a2c2a6b4c8619b8d2e6652d7469825c3') in 0.013648 seconds
Number of updated asset objects reloaded before import = 0
Number of asset objects unloaded after import = 3
========================================================================
Received Import Request.
  Time since last request: 0.089604 seconds.
  path: Assets/Tiles/atlas_walls_high-16x32_133.asset
  artifactKey: Guid(c70e62d6bb6604f49ad42f42442ed1e6) Importer(815301076,1909f56bfc062723c751e8b465ee728b)
Start importing Assets/Tiles/atlas_walls_high-16x32_133.asset using Guid(c70e62d6bb6604f49ad42f42442ed1e6) Importer(815301076,1909f56bfc062723c751e8b465ee728b) [PhysX] Initialized MultithreadedTaskDispatcher with 8 workers.
 -> (artifact id: '51569654e6f29ffe077f605c26cd0fed') in 0.010626 seconds
Number of updated asset objects reloaded before import = 0
Number of asset objects unloaded after import = 3
========================================================================
Received Import Request.
  Time since last request: 0.002242 seconds.
  path: Assets/Tiles/atlas_walls_high-16x32_135.asset
  artifactKey: Guid(bac39f9806966024da9a9d26a20b3908) Importer(815301076,1909f56bfc062723c751e8b465ee728b)
Start importing Assets/Tiles/atlas_walls_high-16x32_135.asset using Guid(bac39f9806966024da9a9d26a20b3908) Importer(815301076,1909f56bfc062723c751e8b465ee728b) [PhysX] Initialized MultithreadedTaskDispatcher with 8 workers.
 -> (artifact id: '6150a345081cc32664287afe178ab171') in 0.010175 seconds
Number of updated asset objects reloaded before import = 0
Number of asset objects unloaded after import = 3
========================================================================
Received Import Request.
  Time since last request: 0.000022 seconds.
  path: Assets/Tiles/atlas_walls_high-16x32_136.asset
  artifactKey: Guid(f8815ac21d63ed443ab10a6549cf4a42) Importer(815301076,1909f56bfc062723c751e8b465ee728b)
Start importing Assets/Tiles/atlas_walls_high-16x32_136.asset using Guid(f8815ac21d63ed443ab10a6549cf4a42) Importer(815301076,1909f56bfc062723c751e8b465ee728b) [PhysX] Initialized MultithreadedTaskDispatcher with 8 workers.
 -> (artifact id: '67a7761448a22b877fc377715ce91a0c') in 0.010567 seconds
Number of updated asset objects reloaded before import = 0
Number of asset objects unloaded after import = 3
========================================================================
Received Import Request.
  Time since last request: 0.000018 seconds.
  path: Assets/Tiles/atlas_walls_high-16x32_138.asset
  artifactKey: Guid(6df7ad3727aed994a96a75ab255e3071) Importer(815301076,1909f56bfc062723c751e8b465ee728b)
Start importing Assets/Tiles/atlas_walls_high-16x32_138.asset using Guid(6df7ad3727aed994a96a75ab255e3071) Importer(815301076,1909f56bfc062723c751e8b465ee728b) [PhysX] Initialized MultithreadedTaskDispatcher with 8 workers.
 -> (artifact id: '2d4edaf5f872232afe48bb5d1a81a6e1') in 0.011727 seconds
Number of updated asset objects reloaded before import = 0
Number of asset objects unloaded after import = 3
========================================================================
Received Import Request.
  Time since last request: 0.000023 seconds.
  path: Assets/Tiles/atlas_walls_high-16x32_140.asset
  artifactKey: Guid(a5c9550ee7973644cb33fcd1230e6d76) Importer(815301076,1909f56bfc062723c751e8b465ee728b)
Start importing Assets/Tiles/atlas_walls_high-16x32_140.asset using Guid(a5c9550ee7973644cb33fcd1230e6d76) Importer(815301076,1909f56bfc062723c751e8b465ee728b) [PhysX] Initialized MultithreadedTaskDispatcher with 8 workers.
 -> (artifact id: 'edfdd85cb6b103a2708404b54fb6a77c') in 0.011002 seconds
Number of updated asset objects reloaded before import = 0
Number of asset objects unloaded after import = 3
========================================================================
Received Import Request.
  Time since last request: 0.000018 seconds.
  path: Assets/Tiles/atlas_walls_high-16x32_142.asset
  artifactKey: Guid(6dce48e75c641dd42ad679f88f162ae9) Importer(815301076,1909f56bfc062723c751e8b465ee728b)
Start importing Assets/Tiles/atlas_walls_high-16x32_142.asset using Guid(6dce48e75c641dd42ad679f88f162ae9) Importer(815301076,1909f56bfc062723c751e8b465ee728b) [PhysX] Initialized MultithreadedTaskDispatcher with 8 workers.
 -> (artifact id: '4fe00cfd69ab95c976639f25099a4d43') in 0.005921 seconds
Number of updated asset objects reloaded before import = 0
Number of asset objects unloaded after import = 3
========================================================================
Received Import Request.
  Time since last request: 0.021903 seconds.
  path: Assets/Tiles/atlas_walls_high-16x32_144.asset
  artifactKey: Guid(55816aa935749e54d8917deeeb5545d0) Importer(815301076,1909f56bfc062723c751e8b465ee728b)
Start importing Assets/Tiles/atlas_walls_high-16x32_144.asset using Guid(55816aa935749e54d8917deeeb5545d0) Importer(815301076,1909f56bfc062723c751e8b465ee728b) [PhysX] Initialized MultithreadedTaskDispatcher with 8 workers.
 -> (artifact id: 'ae79268e15ce6bfe12443aadebbe030a') in 0.010281 seconds
Number of updated asset objects reloaded before import = 0
Number of asset objects unloaded after import = 3
========================================================================
Received Import Request.
  Time since last request: 0.001654 seconds.
  path: Assets/Tiles/atlas_walls_low-16x16_0.asset
  artifactKey: Guid(7f8b795130afa6d4b8397159f23ba63f) Importer(815301076,1909f56bfc062723c751e8b465ee728b)
Start importing Assets/Tiles/atlas_walls_low-16x16_0.asset using Guid(7f8b795130afa6d4b8397159f23ba63f) Importer(815301076,1909f56bfc062723c751e8b465ee728b) [PhysX] Initialized MultithreadedTaskDispatcher with 8 workers.
 -> (artifact id: 'ac0b156ebc30b73d81049fcccf8a5da9') in 0.015475 seconds
Number of updated asset objects reloaded before import = 0
Number of asset objects unloaded after import = 3
========================================================================
Received Import Request.
  Time since last request: 0.000018 seconds.
  path: Assets/Tiles/atlas_walls_low-16x16_2.asset
  artifactKey: Guid(c9ae16fbdd00b1d44bf40e543b25e3a1) Importer(815301076,1909f56bfc062723c751e8b465ee728b)
Start importing Assets/Tiles/atlas_walls_low-16x16_2.asset using Guid(c9ae16fbdd00b1d44bf40e543b25e3a1) Importer(815301076,1909f56bfc062723c751e8b465ee728b) [PhysX] Initialized MultithreadedTaskDispatcher with 8 workers.
 -> (artifact id: 'fe6db9ef773ff609221774bd916e520f') in 0.009747 seconds
Number of updated asset objects reloaded before import = 0
Number of asset objects unloaded after import = 3
========================================================================
Received Import Request.
  Time since last request: 0.000036 seconds.
  path: Assets/Tiles/atlas_walls_low-16x16_4.asset
  artifactKey: Guid(ec3604039b3e0844b8f957f483349f0d) Importer(815301076,1909f56bfc062723c751e8b465ee728b)
Start importing Assets/Tiles/atlas_walls_low-16x16_4.asset using Guid(ec3604039b3e0844b8f957f483349f0d) Importer(815301076,1909f56bfc062723c751e8b465ee728b) [PhysX] Initialized MultithreadedTaskDispatcher with 8 workers.
 -> (artifact id: 'd673433479d96c6ff3a60cfe95e9b285') in 0.011074 seconds
Number of updated asset objects reloaded before import = 0
Number of asset objects unloaded after import = 3
========================================================================
Received Import Request.
  Time since last request: 0.000016 seconds.
  path: Assets/Tiles/atlas_walls_low-16x16_6.asset
  artifactKey: Guid(36798071df18ed6418bb8c0156d3d6e0) Importer(815301076,1909f56bfc062723c751e8b465ee728b)
Start importing Assets/Tiles/atlas_walls_low-16x16_6.asset using Guid(36798071df18ed6418bb8c0156d3d6e0) Importer(815301076,1909f56bfc062723c751e8b465ee728b) [PhysX] Initialized MultithreadedTaskDispatcher with 8 workers.
 -> (artifact id: 'da94be93617f1c1404fb6b5fb051be46') in 0.010760 seconds
Number of updated asset objects reloaded before import = 0
Number of asset objects unloaded after import = 3
========================================================================
Received Import Request.
  Time since last request: 0.001055 seconds.
  path: Assets/Tiles/atlas_walls_low-16x16_8.asset
  artifactKey: Guid(3c5abdb5a5e70ab4f939cae60578b08c) Importer(815301076,1909f56bfc062723c751e8b465ee728b)
Start importing Assets/Tiles/atlas_walls_low-16x16_8.asset using Guid(3c5abdb5a5e70ab4f939cae60578b08c) Importer(815301076,1909f56bfc062723c751e8b465ee728b) [PhysX] Initialized MultithreadedTaskDispatcher with 8 workers.
 -> (artifact id: 'e3269b76c0aeadc4044ebe30b333ba56') in 0.010038 seconds
Number of updated asset objects reloaded before import = 0
Number of asset objects unloaded after import = 3
========================================================================
Received Import Request.
  Time since last request: 0.001891 seconds.
  path: Assets/Tiles/atlas_walls_low-16x16_10.asset
  artifactKey: Guid(182c811c0c8987149bd3b02e4111d135) Importer(815301076,1909f56bfc062723c751e8b465ee728b)
Start importing Assets/Tiles/atlas_walls_low-16x16_10.asset using Guid(182c811c0c8987149bd3b02e4111d135) Importer(815301076,1909f56bfc062723c751e8b465ee728b) [PhysX] Initialized MultithreadedTaskDispatcher with 8 workers.
 -> (artifact id: 'effb0d78225644415a3ad974c1fb4bb8') in 0.010409 seconds
Number of updated asset objects reloaded before import = 0
Number of asset objects unloaded after import = 3
========================================================================
Received Import Request.
  Time since last request: 0.001565 seconds.
  path: Assets/Tiles/atlas_walls_low-16x16_12.asset
  artifactKey: Guid(f5faa387dacdb5e48ba8b4b17c4f355f) Importer(815301076,1909f56bfc062723c751e8b465ee728b)
Start importing Assets/Tiles/atlas_walls_low-16x16_12.asset using Guid(f5faa387dacdb5e48ba8b4b17c4f355f) Importer(815301076,1909f56bfc062723c751e8b465ee728b) [PhysX] Initialized MultithreadedTaskDispatcher with 8 workers.
 -> (artifact id: '361d26f07f8067bf175a9647caf4714f') in 0.010113 seconds
Number of updated asset objects reloaded before import = 0
Number of asset objects unloaded after import = 3
========================================================================
Received Import Request.
  Time since last request: 0.001711 seconds.
  path: Assets/Tiles/atlas_walls_low-16x16_14.asset
  artifactKey: Guid(1b6e687f915052543b5ea1c9b1ad30d1) Importer(815301076,1909f56bfc062723c751e8b465ee728b)
Start importing Assets/Tiles/atlas_walls_low-16x16_14.asset using Guid(1b6e687f915052543b5ea1c9b1ad30d1) Importer(815301076,1909f56bfc062723c751e8b465ee728b) [PhysX] Initialized MultithreadedTaskDispatcher with 8 workers.
 -> (artifact id: '5020edafc31c122f8d60f300d20eee31') in 0.010890 seconds
Number of updated asset objects reloaded before import = 0
Number of asset objects unloaded after import = 3
========================================================================
Received Import Request.
  Time since last request: 0.001922 seconds.
  path: Assets/Tiles/atlas_walls_low-16x16_16.asset
  artifactKey: Guid(72ad4f1f09500e440ba40a22c3255a9a) Importer(815301076,1909f56bfc062723c751e8b465ee728b)
Start importing Assets/Tiles/atlas_walls_low-16x16_16.asset using Guid(72ad4f1f09500e440ba40a22c3255a9a) Importer(815301076,1909f56bfc062723c751e8b465ee728b) [PhysX] Initialized MultithreadedTaskDispatcher with 8 workers.
 -> (artifact id: '0db10fc0d9e6cea70655d558a01eda21') in 0.010724 seconds
Number of updated asset objects reloaded before import = 0
Number of asset objects unloaded after import = 3
========================================================================
Received Import Request.
  Time since last request: 0.001074 seconds.
  path: Assets/Tiles/atlas_walls_low-16x16_18.asset
  artifactKey: Guid(a117a7b4efe186a4eb23ad0479216dda) Importer(815301076,1909f56bfc062723c751e8b465ee728b)
Start importing Assets/Tiles/atlas_walls_low-16x16_18.asset using Guid(a117a7b4efe186a4eb23ad0479216dda) Importer(815301076,1909f56bfc062723c751e8b465ee728b) [PhysX] Initialized MultithreadedTaskDispatcher with 8 workers.
 -> (artifact id: '534a581d0480be251673d1fee0214a92') in 0.014476 seconds
Number of updated asset objects reloaded before import = 0
Number of asset objects unloaded after import = 3
========================================================================
Received Import Request.
  Time since last request: 0.127106 seconds.
  path: Assets/Tiles/atlas_walls_low-16x16_21.asset
  artifactKey: Guid(c6afb137ef80f5c41bbc9889a7d70052) Importer(815301076,1909f56bfc062723c751e8b465ee728b)
Start importing Assets/Tiles/atlas_walls_low-16x16_21.asset using Guid(c6afb137ef80f5c41bbc9889a7d70052) Importer(815301076,1909f56bfc062723c751e8b465ee728b) [PhysX] Initialized MultithreadedTaskDispatcher with 8 workers.
 -> (artifact id: '060c72e63d8c22205977108bfd83c64c') in 0.011069 seconds
Number of updated asset objects reloaded before import = 0
Number of asset objects unloaded after import = 3
========================================================================
Received Import Request.
  Time since last request: 0.002303 seconds.
  path: Assets/Tiles/atlas_walls_low-16x16_23.asset
  artifactKey: Guid(a9be6177e255fa541a83b5b52bf20306) Importer(815301076,1909f56bfc062723c751e8b465ee728b)
Start importing Assets/Tiles/atlas_walls_low-16x16_23.asset using Guid(a9be6177e255fa541a83b5b52bf20306) Importer(815301076,1909f56bfc062723c751e8b465ee728b) [PhysX] Initialized MultithreadedTaskDispatcher with 8 workers.
 -> (artifact id: '0b6ab4104c87b8806e6d6d784e68991e') in 0.005886 seconds
Number of updated asset objects reloaded before import = 0
Number of asset objects unloaded after import = 3
========================================================================
Received Import Request.
  Time since last request: 0.006377 seconds.
  path: Assets/Tiles/atlas_walls_low-16x16_25.asset
  artifactKey: Guid(aed05bc597f9be445a9ec49b018be6ad) Importer(815301076,1909f56bfc062723c751e8b465ee728b)
Start importing Assets/Tiles/atlas_walls_low-16x16_25.asset using Guid(aed05bc597f9be445a9ec49b018be6ad) Importer(815301076,1909f56bfc062723c751e8b465ee728b) [PhysX] Initialized MultithreadedTaskDispatcher with 8 workers.
 -> (artifact id: '8615d85438ca9aa76f0ffe067a842325') in 0.010526 seconds
Number of updated asset objects reloaded before import = 0
Number of asset objects unloaded after import = 3
========================================================================
Received Import Request.
  Time since last request: 0.001349 seconds.
  path: Assets/Tiles/atlas_walls_low-16x16_27.asset
  artifactKey: Guid(3803793661de7ff4d88171ff6db8f3c1) Importer(815301076,1909f56bfc062723c751e8b465ee728b)
Start importing Assets/Tiles/atlas_walls_low-16x16_27.asset using Guid(3803793661de7ff4d88171ff6db8f3c1) Importer(815301076,1909f56bfc062723c751e8b465ee728b) [PhysX] Initialized MultithreadedTaskDispatcher with 8 workers.
 -> (artifact id: '5fe96538a2ec208dd309b581fb67c889') in 0.011267 seconds
Number of updated asset objects reloaded before import = 0
Number of asset objects unloaded after import = 3
========================================================================
Received Import Request.
  Time since last request: 0.000016 seconds.
  path: Assets/Tiles/atlas_walls_low-16x16_29.asset
  artifactKey: Guid(1a12a728e5111e64d92d29fcab57c0bb) Importer(815301076,1909f56bfc062723c751e8b465ee728b)
Start importing Assets/Tiles/atlas_walls_low-16x16_29.asset using Guid(1a12a728e5111e64d92d29fcab57c0bb) Importer(815301076,1909f56bfc062723c751e8b465ee728b) [PhysX] Initialized MultithreadedTaskDispatcher with 8 workers.
 -> (artifact id: '6d8ea3e745d8ffd376a96760c060fbde') in 0.011668 seconds
Number of updated asset objects reloaded before import = 0
Number of asset objects unloaded after import = 3
========================================================================
Received Import Request.
  Time since last request: 0.008690 seconds.
  path: Assets/Tiles/atlas_walls_low-16x16_31.asset
  artifactKey: Guid(e25ba55cf4b26254ca6c094c4c09e2db) Importer(815301076,1909f56bfc062723c751e8b465ee728b)
Start importing Assets/Tiles/atlas_walls_low-16x16_31.asset using Guid(e25ba55cf4b26254ca6c094c4c09e2db) Importer(815301076,1909f56bfc062723c751e8b465ee728b) [PhysX] Initialized MultithreadedTaskDispatcher with 8 workers.
 -> (artifact id: '5cd27b16814e719880133c8034ab193a') in 0.010606 seconds
Number of updated asset objects reloaded before import = 0
Number of asset objects unloaded after import = 3
========================================================================
Received Import Request.
  Time since last request: 0.007847 seconds.
  path: Assets/Tiles/atlas_walls_low-16x16_34.asset
  artifactKey: Guid(2007cb1a4e981cc458b551bb38258ec1) Importer(815301076,1909f56bfc062723c751e8b465ee728b)
Start importing Assets/Tiles/atlas_walls_low-16x16_34.asset using Guid(2007cb1a4e981cc458b551bb38258ec1) Importer(815301076,1909f56bfc062723c751e8b465ee728b) [PhysX] Initialized MultithreadedTaskDispatcher with 8 workers.
 -> (artifact id: 'c04b16edac74d8fad80805b85d246b36') in 0.010480 seconds
Number of updated asset objects reloaded before import = 0
Number of asset objects unloaded after import = 3
========================================================================
Received Import Request.
  Time since last request: 0.001933 seconds.
  path: Assets/Tiles/atlas_walls_low-16x16_36.asset
  artifactKey: Guid(3b806cb346fba95419b5290a93a1657d) Importer(815301076,1909f56bfc062723c751e8b465ee728b)
Start importing Assets/Tiles/atlas_walls_low-16x16_36.asset using Guid(3b806cb346fba95419b5290a93a1657d) Importer(815301076,1909f56bfc062723c751e8b465ee728b) [PhysX] Initialized MultithreadedTaskDispatcher with 8 workers.
 -> (artifact id: 'b7ee7418a0fef071701d97a9cfe7548f') in 0.010675 seconds
Number of updated asset objects reloaded before import = 0
Number of asset objects unloaded after import = 3
========================================================================
Received Import Request.
  Time since last request: 0.001392 seconds.
  path: Assets/Tiles/atlas_walls_low-16x16_38.asset
  artifactKey: Guid(f7a299412890a3f4aba5fb234a79308a) Importer(815301076,1909f56bfc062723c751e8b465ee728b)
Start importing Assets/Tiles/atlas_walls_low-16x16_38.asset using Guid(f7a299412890a3f4aba5fb234a79308a) Importer(815301076,1909f56bfc062723c751e8b465ee728b) [PhysX] Initialized MultithreadedTaskDispatcher with 8 workers.
 -> (artifact id: 'fab93d81b8125d50336eb766aa11aa7b') in 0.013085 seconds
Number of updated asset objects reloaded before import = 0
Number of asset objects unloaded after import = 3
========================================================================
Received Import Request.
  Time since last request: 0.007979 seconds.
  path: Assets/Tiles/atlas_walls_low-16x16_41.asset
  artifactKey: Guid(8c1e92be2cf59864fbeae0735eaceab1) Importer(815301076,1909f56bfc062723c751e8b465ee728b)
Start importing Assets/Tiles/atlas_walls_low-16x16_41.asset using Guid(8c1e92be2cf59864fbeae0735eaceab1) Importer(815301076,1909f56bfc062723c751e8b465ee728b) [PhysX] Initialized MultithreadedTaskDispatcher with 8 workers.
 -> (artifact id: '40cd8fc7e69e797d9c4b1bb82b8ed51f') in 0.010263 seconds
Number of updated asset objects reloaded before import = 0
Number of asset objects unloaded after import = 3
========================================================================
Received Import Request.
  Time since last request: 0.007810 seconds.
  path: Assets/Tiles/atlas_walls_low-16x16_44.asset
  artifactKey: Guid(52d0260e16da61a4dbb604649b14e3aa) Importer(815301076,1909f56bfc062723c751e8b465ee728b)
Start importing Assets/Tiles/atlas_walls_low-16x16_44.asset using Guid(52d0260e16da61a4dbb604649b14e3aa) Importer(815301076,1909f56bfc062723c751e8b465ee728b) [PhysX] Initialized MultithreadedTaskDispatcher with 8 workers.
 -> (artifact id: '15b025a69f72ae43e48c709bc90c55fe') in 0.009988 seconds
Number of updated asset objects reloaded before import = 0
Number of asset objects unloaded after import = 3
========================================================================
Received Import Request.
  Time since last request: 0.001380 seconds.
  path: Assets/Tiles/atlas_walls_low-16x16_46.asset
  artifactKey: Guid(c9edafe64a8eb004094651db3ffddc08) Importer(815301076,1909f56bfc062723c751e8b465ee728b)
Start importing Assets/Tiles/atlas_walls_low-16x16_46.asset using Guid(c9edafe64a8eb004094651db3ffddc08) Importer(815301076,1909f56bfc062723c751e8b465ee728b) [PhysX] Initialized MultithreadedTaskDispatcher with 8 workers.
 -> (artifact id: '46ddf1af31544a14162034e9e84eb14e') in 0.013888 seconds
Number of updated asset objects reloaded before import = 0
Number of asset objects unloaded after import = 3
========================================================================
Received Import Request.
  Time since last request: 0.000020 seconds.
  path: Assets/Tiles/Walls.prefab
  artifactKey: Guid(a34ce034711a2d14aa99e38f6f144751) Importer(815301076,1909f56bfc062723c751e8b465ee728b)
Start importing Assets/Tiles/Walls.prefab using Guid(a34ce034711a2d14aa99e38f6f144751) Importer(815301076,1909f56bfc062723c751e8b465ee728b) [PhysX] Initialized MultithreadedTaskDispatcher with 8 workers.
[PhysX] Initialized MultithreadedTaskDispatcher with 8 workers.
 -> (artifact id: 'b6aa6879262ea6670a60382466051952') in 0.173278 seconds
Number of updated asset objects reloaded before import = 0
Number of asset objects unloaded after import = 398
========================================================================
Received Import Request.
  Time since last request: 16.930188 seconds.
  path: Assets/Art/Player/Player1/GitHub Desktop_hurt.png
  artifactKey: Guid(feaf10fe520908e47993f3b43f3016bc) Importer(815301076,1909f56bfc062723c751e8b465ee728b)
Start importing Assets/Art/Player/Player1/GitHub Desktop_hurt.png using Guid(feaf10fe520908e47993f3b43f3016bc) Importer(815301076,1909f56bfc062723c751e8b465ee728b) [PhysX] Initialized MultithreadedTaskDispatcher with 8 workers.
[PhysX] Initialized MultithreadedTaskDispatcher with 8 workers.
 -> (artifact id: 'd14e6ccbc34f68ed19aaf6df3e2b12bd') in 0.064062 seconds
Number of updated asset objects reloaded before import = 0
Number of asset objects unloaded after import = 2
========================================================================
Received Import Request.
  Time since last request: 0.000030 seconds.
  path: Assets/Art/Player/Player1/GitHub Desktop_shoot.png
  artifactKey: Guid(cac9d7a8ae8ca8f4eb6c97d330444726) Importer(815301076,1909f56bfc062723c751e8b465ee728b)
Start importing Assets/Art/Player/Player1/GitHub Desktop_shoot.png using Guid(cac9d7a8ae8ca8f4eb6c97d330444726) Importer(815301076,1909f56bfc062723c751e8b465ee728b) [PhysX] Initialized MultithreadedTaskDispatcher with 8 workers.
[PhysX] Initialized MultithreadedTaskDispatcher with 8 workers.
 -> (artifact id: '0dc1f5e75570268ddb238d2a668f45f2') in 0.022839 seconds
Number of updated asset objects reloaded before import = 0
Number of asset objects unloaded after import = 2
========================================================================
Received Import Request.
  Time since last request: 0.000051 seconds.
  path: Assets/Art/Player/Player1/GitHub Desktop_walk.png
  artifactKey: Guid(2614359e204c4a54d891a4fb51e724b7) Importer(815301076,1909f56bfc062723c751e8b465ee728b)
Start importing Assets/Art/Player/Player1/GitHub Desktop_walk.png using Guid(2614359e204c4a54d891a4fb51e724b7) Importer(815301076,1909f56bfc062723c751e8b465ee728b) [PhysX] Initialized MultithreadedTaskDispatcher with 8 workers.
[PhysX] Initialized MultithreadedTaskDispatcher with 8 workers.
 -> (artifact id: '06581465852af196fc18396314ee338e') in 0.202441 seconds
Number of updated asset objects reloaded before import = 0
Number of asset objects unloaded after import = 34
========================================================================
Received Prepare
Caller must complete domain reload
0x00007ff6d80ee9ad (Unity) StackWalker::GetCurrentCallstack
0x00007ff6d80f3a89 (Unity) StackWalker::ShowCallstack
0x00007ff6d90e5391 (Unity) GetStacktrace
0x00007ff6d97a04fe (Unity) DebugStringToFile
0x00007ff6d97a023a (Unity) AssertImplementation
0x00007ff6d8f82d1c (Unity) Internal_ADB_WorkerOnly_DomainReload
0x00007ff6d9469a44 (Unity) WorkerDomainReloadV2
0x00007ff6d948ac55 (Unity) <lambda_b37b41f03089e3cb3f55061bbc93253d>::operator()
0x00007ff6d94c6482 (Unity) asio::detail::completion_handler<core::mutable_function<void __cdecl(void)>,asio::io_context::basic_executor_type<std::allocator<void>,0> >::do_complete
0x00007ff6d94b242e (Unity) asio::detail::win_iocp_io_context::do_one
0x00007ff6d94b4094 (Unity) asio::detail::win_iocp_io_context::run
0x00007ff6d94c482c (Unity) IOService::Run
0x00007ff6d9497c8f (Unity) AssetImportWorkerClient::Run
0x00007ff6d94635f7 (Unity) RunAssetImportWorkerClientV2
0x00007ff6d946367b (Unity) RunAssetImporterV2
0x00007ff6d8c5c07e (Unity) Application::InitializeProject
0x00007ff6d90f0025 (Unity) WinMain
0x00007ff6da4a206e (Unity) __scrt_common_main_seh
0x00007ffe9e72257d (KERNEL32) BaseThreadInitThunk
0x00007ffe9f16af08 (ntdll) RtlUserThreadStart

Begin MonoManager ReloadAssembly
- Loaded All Assemblies, in  1.484 seconds
Native extension for WindowsStandalone target not found
Native extension for iOS target not found
Native extension for WebGL target not found
[Package Manager] Server::EnsureServerProcessIsRunning -- launch failed, reason: Unity was launched with the -noUpm command-line argument
[Package Manager] UpmClient::Send -- Unable to send message (not connected to UPM process).
[Package Manager] Cannot connect to Unity Package Manager local server
Mono: successfully reloaded assembly
[Package Manager] Server::EnsureServerProcessIsRunning -- launch failed, reason: Unity was launched with the -noUpm command-line argument
[Package Manager] UpmClient::Send -- Unable to send message (not connected to UPM process).
[Package Manager] Cannot connect to Unity Package Manager local server
- Finished resetting the current domain, in  2.170 seconds
Domain Reload Profiling: 3659ms
	BeginReloadAssembly (712ms)
		ExecutionOrderSort (0ms)
		DisableScriptedObjects (510ms)
		BackupInstance (0ms)
		ReleaseScriptingObjects (0ms)
		CreateAndSetChildDomain (55ms)
	RebuildCommonClasses (71ms)
	RebuildNativeTypeToScriptingClass (21ms)
	initialDomainReloadingComplete (35ms)
	LoadAllAssembliesAndSetupDomain (647ms)
		LoadAssemblies (713ms)
		RebuildTransferFunctionScriptingTraits (0ms)
		AnalyzeDomain (42ms)
			TypeCache.Refresh (19ms)
				TypeCache.ScanAssembly (0ms)
			ScanForSourceGeneratedMonoScriptInfo (1ms)
			ResolveRequiredComponents (19ms)
	FinalizeReload (2173ms)
		ReleaseScriptCaches (0ms)
		RebuildScriptCaches (0ms)
		SetupLoadedEditorAssemblies (1603ms)
			LogAssemblyErrors (0ms)
			InitializePlatformSupportModulesInManaged (45ms)
			SetLoadedEditorAssemblies (6ms)
			RefreshPlugins (0ms)
			BeforeProcessingInitializeOnLoad (191ms)
			ProcessInitializeOnLoadAttributes (1257ms)
			ProcessInitializeOnLoadMethodAttributes (99ms)
			AfterProcessingInitializeOnLoad (4ms)
			EditorAssembliesLoaded (1ms)
		ExecutionOrderSort2 (0ms)
		AwakeInstancesAfterBackupRestoration (33ms)
Refreshing native plugins compatible for Editor in 15.85 ms, found 4 plugins.
Preloading 0 native plugins for Editor in 0.00 ms.
Unloading 4606 Unused Serialized files (Serialized files now loaded: 0)
Unloading 19 unused Assets / (31.2 KB). Loaded Objects now: 5110.
Memory consumption went from 155.5 MB to 155.4 MB.
Total: 14.406300 ms (FindLiveObjects: 1.027200 ms CreateObjectMapping: 1.502600 ms MarkObjects: 11.777900 ms  DeleteObjects: 0.096800 ms)

Prepare: number of updated asset objects reloaded= 0
AssetImportParameters requested are different than current active one (requested -> active):
  custom:container-demuxer-ogg: 62fdf1f143b41e24485cea50d1cbac27 -> 
  custom:video-decoder-ogg-theora: a1e56fd34408186e4bbccfd4996cb3dc -> 
  custom:framework-win-MediaFoundation: 216162199b28c13a410421893ffa2e32 -> 
  custom:CustomObjectIndexerAttribute: 9a22284fe3817be447336de3de66b15e -> 
  custom:container-demuxer-webm: 4f35f7cbe854078d1ac9338744f61a02 -> 
  custom:container-muxer-webm: aa71ff27fc2769a1b78a27578f13a17b -> 
  custom:video-decoder-webm-vp8: 9c59270c3fd7afecdb556c50c9e8de78 -> 
  custom:SearchIndexIgnoredProperties: e643bd26f0fe6173181afceb89e7c659 -> 
  custom:AudioImporter_EditorPlatform: d09bf68614088b80899f8185d706f6e7 -> 
  custom:video-encoder-webm-vp8: eb34c28f22e8b96e1ab97ce403110664 -> 
  custom:audio-decoder-ogg-vorbis: bf7c407c2cedff20999df2af8eb42d56 -> 
  custom:audio-encoder-webm-vorbis: bf7c407c2cedff20999df2af8eb42d56 -> 
